This file contains any messages produced by compilers while
running configure, to aid debugging if configure makes a mistake.

It was created by gtfold configure 2.0, which was
generated by GNU Autoconf 2.69.  Invocation command line was

  $ ./configure 

## --------- ##
## Platform. ##
## --------- ##

hostname = mathm1703
uname -m = x86_64
uname -r = 18.7.0
uname -s = Darwin
uname -v = Darwin Kernel Version 18.7.0: Sun Dec  1 18:59:03 PST 2019; root:xnu-4903.278.19~1/RELEASE_X86_64

/usr/bin/uname -p = i386
/bin/uname -X     = unknown

/bin/arch              = unknown
/usr/bin/arch -k       = unknown
/usr/convex/getsysinfo = unknown
/usr/bin/hostinfo      = Mach kernel version:
	 Darwin Kernel Version 18.7.0: Sun Dec  1 18:59:03 PST 2019; root:xnu-4903.278.19~1/RELEASE_X86_64
Kernel configured for up to 4 processors.
2 processors are physically available.
4 processors are logically available.
Processor type: x86_64h (Intel x86-64h Haswell)
Processors active: 0 1 2 3
Primary memory available: 16.00 gigabytes
Default processor set: 346 tasks, 1240 threads, 4 processors
Load average: 3.85, Mach factor: 0.42
/bin/machine           = unknown
/usr/bin/oslevel       = unknown
/bin/universe          = unknown

PATH: /usr/local/bin
PATH: /usr/bin
PATH: /bin
PATH: /usr/sbin
PATH: /sbin
PATH: /Library/TeX/texbin
PATH: /opt/salt/bin
PATH: /usr/local/sbin


## ----------- ##
## Core tests. ##
## ----------- ##

configure:2294: checking build system type
configure:2308: result: x86_64-apple-darwin18.7.0
configure:2328: checking host system type
configure:2341: result: x86_64-apple-darwin18.7.0
configure:2361: checking target system type
configure:2374: result: x86_64-apple-darwin18.7.0
configure:2417: checking for a BSD-compatible install
configure:2485: result: /usr/local/bin/ginstall -c
configure:2496: checking whether build environment is sane
configure:2546: result: yes
configure:2687: checking for a thread-safe mkdir -p
configure:2726: result: /usr/local/bin/gmkdir -p
configure:2739: checking for gawk
configure:2755: found /usr/local/bin/gawk
configure:2766: result: gawk
configure:2777: checking whether make sets $(MAKE)
configure:2799: result: yes
configure:3018: checking for C compiler version
configure:3027: gcc --version >&5
Apple clang version 11.0.0 (clang-1100.0.33.17)
Target: x86_64-apple-darwin18.7.0
Thread model: posix
InstalledDir: /Applications/Xcode.app/Contents/Developer/Toolchains/XcodeDefault.xctoolchain/usr/bin
Configured with: --prefix=/Applications/Xcode.app/Contents/Developer/usr --with-gxx-include-dir=/usr/include/c++/4.2.1
configure:3038: $? = 0
configure:3027: gcc -v >&5
Configured with: --prefix=/Applications/Xcode.app/Contents/Developer/usr --with-gxx-include-dir=/usr/include/c++/4.2.1
Apple clang version 11.0.0 (clang-1100.0.33.17)
Target: x86_64-apple-darwin18.7.0
Thread model: posix
InstalledDir: /Applications/Xcode.app/Contents/Developer/Toolchains/XcodeDefault.xctoolchain/usr/bin
configure:3038: $? = 0
configure:3027: gcc -V >&5
clang: error: unsupported option '-V -Wno-framework-include-private-from-public'
clang: error: no input files
configure:3038: $? = 1
configure:3027: gcc -qversion >&5
clang: error: unknown argument '-qversion', did you mean '--version'?
clang: error: no input files
configure:3038: $? = 1
configure:3058: checking whether the C compiler works
configure:3080: gcc -fPIC -m64 -fvisibility=default  -I/Users/mschmidt34/GTFoldPython/libgmp-6.2.0 -I/Users/mschmidt34/GTFoldPython/libgomp-10.0.1  -march=native -bind_at_load -flat_namespace -force_cpusubtype_ALL -rdynamic -Wl,-undefined,error -fPIC conftest.c  >&5
configure:3084: $? = 0
configure:3132: result: yes
configure:3135: checking for C compiler default output file name
configure:3137: result: a.out
configure:3143: checking for suffix of executables
configure:3150: gcc -o conftest -fPIC -m64 -fvisibility=default  -I/Users/mschmidt34/GTFoldPython/libgmp-6.2.0 -I/Users/mschmidt34/GTFoldPython/libgomp-10.0.1  -march=native -bind_at_load -flat_namespace -force_cpusubtype_ALL -rdynamic -Wl,-undefined,error -fPIC conftest.c  >&5
configure:3154: $? = 0
configure:3176: result: 
configure:3198: checking whether we are cross compiling
configure:3206: gcc -o conftest -fPIC -m64 -fvisibility=default  -I/Users/mschmidt34/GTFoldPython/libgmp-6.2.0 -I/Users/mschmidt34/GTFoldPython/libgomp-10.0.1  -march=native -bind_at_load -flat_namespace -force_cpusubtype_ALL -rdynamic -Wl,-undefined,error -fPIC conftest.c  >&5
configure:3210: $? = 0
configure:3217: ./conftest
configure:3221: $? = 0
configure:3236: result: no
configure:3241: checking for suffix of object files
configure:3263: gcc -c -fPIC -m64 -fvisibility=default  -I/Users/mschmidt34/GTFoldPython/libgmp-6.2.0 -I/Users/mschmidt34/GTFoldPython/libgomp-10.0.1  conftest.c >&5
configure:3267: $? = 0
configure:3288: result: o
configure:3292: checking whether we are using the GNU C compiler
configure:3311: gcc -c -fPIC -m64 -fvisibility=default  -I/Users/mschmidt34/GTFoldPython/libgmp-6.2.0 -I/Users/mschmidt34/GTFoldPython/libgomp-10.0.1  conftest.c >&5
configure:3311: $? = 0
configure:3320: result: yes
configure:3329: checking whether gcc accepts -g
configure:3349: gcc -c -g  conftest.c >&5
configure:3349: $? = 0
configure:3390: result: yes
configure:3407: checking for gcc option to accept ISO C89
configure:3470: gcc  -c -fPIC -m64 -fvisibility=default  -I/Users/mschmidt34/GTFoldPython/libgmp-6.2.0 -I/Users/mschmidt34/GTFoldPython/libgomp-10.0.1  conftest.c >&5
configure:3470: $? = 0
configure:3483: result: none needed
configure:3514: checking for style of include used by make
configure:3542: result: GNU
configure:3567: checking dependency style of gcc
configure:3677: result: gcc3
configure:3804: checking for C++ compiler version
configure:3813: g++ --version >&5
Apple clang version 11.0.0 (clang-1100.0.33.17)
Target: x86_64-apple-darwin18.7.0
Thread model: posix
InstalledDir: /Applications/Xcode.app/Contents/Developer/Toolchains/XcodeDefault.xctoolchain/usr/bin
Configured with: --prefix=/Applications/Xcode.app/Contents/Developer/usr --with-gxx-include-dir=/usr/include/c++/4.2.1
configure:3824: $? = 0
configure:3813: g++ -v >&5
Configured with: --prefix=/Applications/Xcode.app/Contents/Developer/usr --with-gxx-include-dir=/usr/include/c++/4.2.1
Apple clang version 11.0.0 (clang-1100.0.33.17)
Target: x86_64-apple-darwin18.7.0
Thread model: posix
InstalledDir: /Applications/Xcode.app/Contents/Developer/Toolchains/XcodeDefault.xctoolchain/usr/bin
configure:3824: $? = 0
configure:3813: g++ -V >&5
clang: error: unsupported option '-V -Wno-framework-include-private-from-public'
clang: error: no input files
configure:3824: $? = 1
configure:3813: g++ -qversion >&5
clang: error: unknown argument '-qversion', did you mean '--version'?
clang: error: no input files
configure:3824: $? = 1
configure:3828: checking whether we are using the GNU C++ compiler
configure:3847: g++ -c -march=native -force_cpusubtype_ALL -fPIC -I../include -m64 -fvisibility=default -Wno-error -lc++ -lc++abi  conftest.cpp >&5
clang: warning: -lc++: 'linker' input unused [-Wunused-command-line-argument]
clang: warning: -lc++abi: 'linker' input unused [-Wunused-command-line-argument]
configure:3847: $? = 0
configure:3856: result: yes
configure:3865: checking whether g++ accepts -g
configure:3885: g++ -c -g  conftest.cpp >&5
configure:3885: $? = 0
configure:3926: result: yes
configure:3951: checking dependency style of g++
configure:4061: result: gcc3
configure:4088: checking for gcc option to support OpenMP
configure:4103: gcc -o conftest -fPIC -m64 -fvisibility=default  -I/Users/mschmidt34/GTFoldPython/libgmp-6.2.0 -I/Users/mschmidt34/GTFoldPython/libgomp-10.0.1  -march=native -bind_at_load -flat_namespace -force_cpusubtype_ALL -rdynamic -Wl,-undefined,error -fPIC conftest.c  >&5
conftest.c:13:2: error: unknown type name 'choke'
 choke me
 ^
conftest.c:13:10: error: expected ';' after top level declarator
 choke me
         ^
         ;
2 errors generated.
configure:4103: $? = 1
configure: failed program was:
| /* confdefs.h */
| #define PACKAGE_NAME "gtfold"
| #define PACKAGE_TARNAME "gtfold"
| #define PACKAGE_VERSION "2.0"
| #define PACKAGE_STRING "gtfold 2.0"
| #define PACKAGE_BUGREPORT ""
| #define PACKAGE_URL ""
| #define PACKAGE "gtfold"
| #define VERSION "2.0"
| /* end confdefs.h.  */
| 
| #ifndef _OPENMP
|  choke me
| #endif
| #include <omp.h>
| int main () { return omp_get_num_threads (); }
| 
configure:4121: gcc -o conftest -fPIC -m64 -fvisibility=default  -I/Users/mschmidt34/GTFoldPython/libgmp-6.2.0 -I/Users/mschmidt34/GTFoldPython/libgomp-10.0.1 -fopenmp  -march=native -bind_at_load -flat_namespace -force_cpusubtype_ALL -rdynamic -Wl,-undefined,error -fPIC conftest.c  >&5
clang: error: unsupported option '-fopenmp'
clang: error: unsupported option '-fopenmp'
configure:4121: $? = 1
configure: failed program was:
| /* confdefs.h */
| #define PACKAGE_NAME "gtfold"
| #define PACKAGE_TARNAME "gtfold"
| #define PACKAGE_VERSION "2.0"
| #define PACKAGE_STRING "gtfold 2.0"
| #define PACKAGE_BUGREPORT ""
| #define PACKAGE_URL ""
| #define PACKAGE "gtfold"
| #define VERSION "2.0"
| /* end confdefs.h.  */
| 
| #ifndef _OPENMP
|  choke me
| #endif
| #include <omp.h>
| int main () { return omp_get_num_threads (); }
| 
configure:4121: gcc -o conftest -fPIC -m64 -fvisibility=default  -I/Users/mschmidt34/GTFoldPython/libgmp-6.2.0 -I/Users/mschmidt34/GTFoldPython/libgomp-10.0.1 -xopenmp  -march=native -bind_at_load -flat_namespace -force_cpusubtype_ALL -rdynamic -Wl,-undefined,error -fPIC conftest.c  >&5
clang: error: language not recognized: 'openmp'
configure:4121: $? = 1
configure: failed program was:
| /* confdefs.h */
| #define PACKAGE_NAME "gtfold"
| #define PACKAGE_TARNAME "gtfold"
| #define PACKAGE_VERSION "2.0"
| #define PACKAGE_STRING "gtfold 2.0"
| #define PACKAGE_BUGREPORT ""
| #define PACKAGE_URL ""
| #define PACKAGE "gtfold"
| #define VERSION "2.0"
| /* end confdefs.h.  */
| 
| #ifndef _OPENMP
|  choke me
| #endif
| #include <omp.h>
| int main () { return omp_get_num_threads (); }
| 
configure:4121: gcc -o conftest -fPIC -m64 -fvisibility=default  -I/Users/mschmidt34/GTFoldPython/libgmp-6.2.0 -I/Users/mschmidt34/GTFoldPython/libgomp-10.0.1 -openmp  -march=native -bind_at_load -flat_namespace -force_cpusubtype_ALL -rdynamic -Wl,-undefined,error -fPIC conftest.c  >&5
conftest.c:13:2: error: unknown type name 'choke'
 choke me
 ^
conftest.c:13:10: error: expected ';' after top level declarator
 choke me
         ^
         ;
2 errors generated.
configure:4121: $? = 1
configure: failed program was:
| /* confdefs.h */
| #define PACKAGE_NAME "gtfold"
| #define PACKAGE_TARNAME "gtfold"
| #define PACKAGE_VERSION "2.0"
| #define PACKAGE_STRING "gtfold 2.0"
| #define PACKAGE_BUGREPORT ""
| #define PACKAGE_URL ""
| #define PACKAGE "gtfold"
| #define VERSION "2.0"
| /* end confdefs.h.  */
| 
| #ifndef _OPENMP
|  choke me
| #endif
| #include <omp.h>
| int main () { return omp_get_num_threads (); }
| 
configure:4121: gcc -o conftest -fPIC -m64 -fvisibility=default  -I/Users/mschmidt34/GTFoldPython/libgmp-6.2.0 -I/Users/mschmidt34/GTFoldPython/libgomp-10.0.1 -mp  -march=native -bind_at_load -flat_namespace -force_cpusubtype_ALL -rdynamic -Wl,-undefined,error -fPIC conftest.c  >&5
clang: error: unknown argument '-mp', did you mean '-mtp='?
configure:4121: $? = 1
configure: failed program was:
| /* confdefs.h */
| #define PACKAGE_NAME "gtfold"
| #define PACKAGE_TARNAME "gtfold"
| #define PACKAGE_VERSION "2.0"
| #define PACKAGE_STRING "gtfold 2.0"
| #define PACKAGE_BUGREPORT ""
| #define PACKAGE_URL ""
| #define PACKAGE "gtfold"
| #define VERSION "2.0"
| /* end confdefs.h.  */
| 
| #ifndef _OPENMP
|  choke me
| #endif
| #include <omp.h>
| int main () { return omp_get_num_threads (); }
| 
configure:4121: gcc -o conftest -fPIC -m64 -fvisibility=default  -I/Users/mschmidt34/GTFoldPython/libgmp-6.2.0 -I/Users/mschmidt34/GTFoldPython/libgomp-10.0.1 -omp  -march=native -bind_at_load -flat_namespace -force_cpusubtype_ALL -rdynamic -Wl,-undefined,error -fPIC conftest.c  >&5
conftest.c:13:2: error: unknown type name 'choke'
 choke me
 ^
conftest.c:13:10: error: expected ';' after top level declarator
 choke me
         ^
         ;
2 errors generated.
configure:4121: $? = 1
configure: failed program was:
| /* confdefs.h */
| #define PACKAGE_NAME "gtfold"
| #define PACKAGE_TARNAME "gtfold"
| #define PACKAGE_VERSION "2.0"
| #define PACKAGE_STRING "gtfold 2.0"
| #define PACKAGE_BUGREPORT ""
| #define PACKAGE_URL ""
| #define PACKAGE "gtfold"
| #define VERSION "2.0"
| /* end confdefs.h.  */
| 
| #ifndef _OPENMP
|  choke me
| #endif
| #include <omp.h>
| int main () { return omp_get_num_threads (); }
| 
configure:4121: gcc -o conftest -fPIC -m64 -fvisibility=default  -I/Users/mschmidt34/GTFoldPython/libgmp-6.2.0 -I/Users/mschmidt34/GTFoldPython/libgomp-10.0.1 -qsmp=omp  -march=native -bind_at_load -flat_namespace -force_cpusubtype_ALL -rdynamic -Wl,-undefined,error -fPIC conftest.c  >&5
clang: error: unknown argument: '-qsmp=omp'
configure:4121: $? = 1
configure: failed program was:
| /* confdefs.h */
| #define PACKAGE_NAME "gtfold"
| #define PACKAGE_TARNAME "gtfold"
| #define PACKAGE_VERSION "2.0"
| #define PACKAGE_STRING "gtfold 2.0"
| #define PACKAGE_BUGREPORT ""
| #define PACKAGE_URL ""
| #define PACKAGE "gtfold"
| #define VERSION "2.0"
| /* end confdefs.h.  */
| 
| #ifndef _OPENMP
|  choke me
| #endif
| #include <omp.h>
| int main () { return omp_get_num_threads (); }
| 
configure:4121: gcc -o conftest -fPIC -m64 -fvisibility=default  -I/Users/mschmidt34/GTFoldPython/libgmp-6.2.0 -I/Users/mschmidt34/GTFoldPython/libgomp-10.0.1 -homp  -march=native -bind_at_load -flat_namespace -force_cpusubtype_ALL -rdynamic -Wl,-undefined,error -fPIC conftest.c  >&5
clang: error: unknown argument: '-homp'
configure:4121: $? = 1
configure: failed program was:
| /* confdefs.h */
| #define PACKAGE_NAME "gtfold"
| #define PACKAGE_TARNAME "gtfold"
| #define PACKAGE_VERSION "2.0"
| #define PACKAGE_STRING "gtfold 2.0"
| #define PACKAGE_BUGREPORT ""
| #define PACKAGE_URL ""
| #define PACKAGE "gtfold"
| #define VERSION "2.0"
| /* end confdefs.h.  */
| 
| #ifndef _OPENMP
|  choke me
| #endif
| #include <omp.h>
| int main () { return omp_get_num_threads (); }
| 
configure:4121: gcc -o conftest -fPIC -m64 -fvisibility=default  -I/Users/mschmidt34/GTFoldPython/libgmp-6.2.0 -I/Users/mschmidt34/GTFoldPython/libgomp-10.0.1 -Popenmp  -march=native -bind_at_load -flat_namespace -force_cpusubtype_ALL -rdynamic -Wl,-undefined,error -fPIC conftest.c  >&5
clang: error: unknown argument '-Popenmp', did you mean '-fopenmp='?
configure:4121: $? = 1
configure: failed program was:
| /* confdefs.h */
| #define PACKAGE_NAME "gtfold"
| #define PACKAGE_TARNAME "gtfold"
| #define PACKAGE_VERSION "2.0"
| #define PACKAGE_STRING "gtfold 2.0"
| #define PACKAGE_BUGREPORT ""
| #define PACKAGE_URL ""
| #define PACKAGE "gtfold"
| #define VERSION "2.0"
| /* end confdefs.h.  */
| 
| #ifndef _OPENMP
|  choke me
| #endif
| #include <omp.h>
| int main () { return omp_get_num_threads (); }
| 
configure:4121: gcc -o conftest -fPIC -m64 -fvisibility=default  -I/Users/mschmidt34/GTFoldPython/libgmp-6.2.0 -I/Users/mschmidt34/GTFoldPython/libgomp-10.0.1 --openmp  -march=native -bind_at_load -flat_namespace -force_cpusubtype_ALL -rdynamic -Wl,-undefined,error -fPIC conftest.c  >&5
clang: error: unsupported option '--openmp', did you mean '-fopenmp='?
configure:4121: $? = 1
configure: failed program was:
| /* confdefs.h */
| #define PACKAGE_NAME "gtfold"
| #define PACKAGE_TARNAME "gtfold"
| #define PACKAGE_VERSION "2.0"
| #define PACKAGE_STRING "gtfold 2.0"
| #define PACKAGE_BUGREPORT ""
| #define PACKAGE_URL ""
| #define PACKAGE "gtfold"
| #define VERSION "2.0"
| /* end confdefs.h.  */
| 
| #ifndef _OPENMP
|  choke me
| #endif
| #include <omp.h>
| int main () { return omp_get_num_threads (); }
| 
configure:4135: result: unsupported
configure:4149: checking for log2 in -lm
configure:4174: gcc -o conftest -fPIC -m64 -fvisibility=default  -I/Users/mschmidt34/GTFoldPython/libgmp-6.2.0 -I/Users/mschmidt34/GTFoldPython/libgomp-10.0.1  -march=native -bind_at_load -flat_namespace -force_cpusubtype_ALL -rdynamic -Wl,-undefined,error -fPIC conftest.c -lm   >&5
conftest.c:18:6: warning: incompatible redeclaration of library function 'log2' [-Wincompatible-library-redeclaration]
char log2 ();
     ^
conftest.c:18:6: note: 'log2' is a builtin with type 'double (double)'
1 warning generated.
configure:4174: $? = 0
configure:4183: result: yes
configure:4197: checking how to run the C preprocessor
configure:4228: gcc -E  conftest.c
configure:4228: $? = 0
configure:4242: gcc -E  conftest.c
conftest.c:12:10: fatal error: 'ac_nonexistent.h' file not found
#include <ac_nonexistent.h>
         ^~~~~~~~~~~~~~~~~~
1 error generated.
configure:4242: $? = 1
configure: failed program was:
| /* confdefs.h */
| #define PACKAGE_NAME "gtfold"
| #define PACKAGE_TARNAME "gtfold"
| #define PACKAGE_VERSION "2.0"
| #define PACKAGE_STRING "gtfold 2.0"
| #define PACKAGE_BUGREPORT ""
| #define PACKAGE_URL ""
| #define PACKAGE "gtfold"
| #define VERSION "2.0"
| #define HAVE_LOG2 /**/
| /* end confdefs.h.  */
| #include <ac_nonexistent.h>
configure:4267: result: gcc -E
configure:4287: gcc -E  conftest.c
configure:4287: $? = 0
configure:4301: gcc -E  conftest.c
conftest.c:12:10: fatal error: 'ac_nonexistent.h' file not found
#include <ac_nonexistent.h>
         ^~~~~~~~~~~~~~~~~~
1 error generated.
configure:4301: $? = 1
configure: failed program was:
| /* confdefs.h */
| #define PACKAGE_NAME "gtfold"
| #define PACKAGE_TARNAME "gtfold"
| #define PACKAGE_VERSION "2.0"
| #define PACKAGE_STRING "gtfold 2.0"
| #define PACKAGE_BUGREPORT ""
| #define PACKAGE_URL ""
| #define PACKAGE "gtfold"
| #define VERSION "2.0"
| #define HAVE_LOG2 /**/
| /* end confdefs.h.  */
| #include <ac_nonexistent.h>
configure:4330: checking for grep that handles long lines and -e
configure:4388: result: /usr/local/bin/ggrep
configure:4393: checking for egrep
configure:4455: result: /usr/local/bin/ggrep -E
configure:4460: checking for ANSI C header files
configure:4480: gcc -c -fPIC -m64 -fvisibility=default  -I/Users/mschmidt34/GTFoldPython/libgmp-6.2.0 -I/Users/mschmidt34/GTFoldPython/libgomp-10.0.1  conftest.c >&5
configure:4480: $? = 0
configure:4553: gcc -o conftest -fPIC -m64 -fvisibility=default  -I/Users/mschmidt34/GTFoldPython/libgmp-6.2.0 -I/Users/mschmidt34/GTFoldPython/libgomp-10.0.1  -march=native -bind_at_load -flat_namespace -force_cpusubtype_ALL -rdynamic -Wl,-undefined,error -fPIC conftest.c  >&5
configure:4553: $? = 0
configure:4553: ./conftest
configure:4553: $? = 0
configure:4564: result: yes
configure:4579: checking for sys/types.h
configure:4579: gcc -c -fPIC -m64 -fvisibility=default  -I/Users/mschmidt34/GTFoldPython/libgmp-6.2.0 -I/Users/mschmidt34/GTFoldPython/libgomp-10.0.1  conftest.c >&5
configure:4579: $? = 0
configure:4579: result: yes
configure:4579: checking for sys/stat.h
configure:4579: gcc -c -fPIC -m64 -fvisibility=default  -I/Users/mschmidt34/GTFoldPython/libgmp-6.2.0 -I/Users/mschmidt34/GTFoldPython/libgomp-10.0.1  conftest.c >&5
configure:4579: $? = 0
configure:4579: result: yes
configure:4579: checking for stdlib.h
configure:4579: gcc -c -fPIC -m64 -fvisibility=default  -I/Users/mschmidt34/GTFoldPython/libgmp-6.2.0 -I/Users/mschmidt34/GTFoldPython/libgomp-10.0.1  conftest.c >&5
configure:4579: $? = 0
configure:4579: result: yes
configure:4579: checking for string.h
configure:4579: gcc -c -fPIC -m64 -fvisibility=default  -I/Users/mschmidt34/GTFoldPython/libgmp-6.2.0 -I/Users/mschmidt34/GTFoldPython/libgomp-10.0.1  conftest.c >&5
configure:4579: $? = 0
configure:4579: result: yes
configure:4579: checking for memory.h
configure:4579: gcc -c -fPIC -m64 -fvisibility=default  -I/Users/mschmidt34/GTFoldPython/libgmp-6.2.0 -I/Users/mschmidt34/GTFoldPython/libgomp-10.0.1  conftest.c >&5
configure:4579: $? = 0
configure:4579: result: yes
configure:4579: checking for strings.h
configure:4579: gcc -c -fPIC -m64 -fvisibility=default  -I/Users/mschmidt34/GTFoldPython/libgmp-6.2.0 -I/Users/mschmidt34/GTFoldPython/libgomp-10.0.1  conftest.c >&5
configure:4579: $? = 0
configure:4579: result: yes
configure:4579: checking for inttypes.h
configure:4579: gcc -c -fPIC -m64 -fvisibility=default  -I/Users/mschmidt34/GTFoldPython/libgmp-6.2.0 -I/Users/mschmidt34/GTFoldPython/libgomp-10.0.1  conftest.c >&5
configure:4579: $? = 0
configure:4579: result: yes
configure:4579: checking for stdint.h
configure:4579: gcc -c -fPIC -m64 -fvisibility=default  -I/Users/mschmidt34/GTFoldPython/libgmp-6.2.0 -I/Users/mschmidt34/GTFoldPython/libgomp-10.0.1  conftest.c >&5
configure:4579: $? = 0
configure:4579: result: yes
configure:4579: checking for unistd.h
configure:4579: gcc -c -fPIC -m64 -fvisibility=default  -I/Users/mschmidt34/GTFoldPython/libgmp-6.2.0 -I/Users/mschmidt34/GTFoldPython/libgomp-10.0.1  conftest.c >&5
configure:4579: $? = 0
configure:4579: result: yes
configure:4594: checking for stdlib.h
configure:4594: result: yes
configure:4594: checking for string.h
configure:4594: result: yes
configure:4594: checking sys/time.h usability
configure:4594: gcc -c -fPIC -m64 -fvisibility=default  -I/Users/mschmidt34/GTFoldPython/libgmp-6.2.0 -I/Users/mschmidt34/GTFoldPython/libgomp-10.0.1  conftest.c >&5
configure:4594: $? = 0
configure:4594: result: yes
configure:4594: checking sys/time.h presence
configure:4594: gcc -E  conftest.c
configure:4594: $? = 0
configure:4594: result: yes
configure:4594: checking for sys/time.h
configure:4594: result: yes
configure:4605: checking for an ANSI C-conforming const
configure:4671: gcc -c -fPIC -m64 -fvisibility=default  -I/Users/mschmidt34/GTFoldPython/libgmp-6.2.0 -I/Users/mschmidt34/GTFoldPython/libgomp-10.0.1  conftest.c >&5
configure:4671: $? = 0
configure:4678: result: yes
configure:4686: checking for inline
configure:4702: gcc -c -fPIC -m64 -fvisibility=default  -I/Users/mschmidt34/GTFoldPython/libgmp-6.2.0 -I/Users/mschmidt34/GTFoldPython/libgomp-10.0.1  conftest.c >&5
configure:4702: $? = 0
configure:4710: result: inline
configure:4728: checking for size_t
configure:4728: gcc -c -fPIC -m64 -fvisibility=default  -I/Users/mschmidt34/GTFoldPython/libgmp-6.2.0 -I/Users/mschmidt34/GTFoldPython/libgomp-10.0.1  conftest.c >&5
configure:4728: $? = 0
configure:4728: gcc -c -fPIC -m64 -fvisibility=default  -I/Users/mschmidt34/GTFoldPython/libgmp-6.2.0 -I/Users/mschmidt34/GTFoldPython/libgomp-10.0.1  conftest.c >&5
conftest.c:61:21: error: expected expression
if (sizeof ((size_t)))
                    ^
1 error generated.
configure:4728: $? = 1
configure: failed program was:
| /* confdefs.h */
| #define PACKAGE_NAME "gtfold"
| #define PACKAGE_TARNAME "gtfold"
| #define PACKAGE_VERSION "2.0"
| #define PACKAGE_STRING "gtfold 2.0"
| #define PACKAGE_BUGREPORT ""
| #define PACKAGE_URL ""
| #define PACKAGE "gtfold"
| #define VERSION "2.0"
| #define HAVE_LOG2 /**/
| #define STDC_HEADERS 1
| #define HAVE_SYS_TYPES_H 1
| #define HAVE_SYS_STAT_H 1
| #define HAVE_STDLIB_H 1
| #define HAVE_STRING_H 1
| #define HAVE_MEMORY_H 1
| #define HAVE_STRINGS_H 1
| #define HAVE_INTTYPES_H 1
| #define HAVE_STDINT_H 1
| #define HAVE_UNISTD_H 1
| #define HAVE_STDLIB_H 1
| #define HAVE_STRING_H 1
| #define HAVE_SYS_TIME_H 1
| /* end confdefs.h.  */
| #include <stdio.h>
| #ifdef HAVE_SYS_TYPES_H
| # include <sys/types.h>
| #endif
| #ifdef HAVE_SYS_STAT_H
| # include <sys/stat.h>
| #endif
| #ifdef STDC_HEADERS
| # include <stdlib.h>
| # include <stddef.h>
| #else
| # ifdef HAVE_STDLIB_H
| #  include <stdlib.h>
| # endif
| #endif
| #ifdef HAVE_STRING_H
| # if !defined STDC_HEADERS && defined HAVE_MEMORY_H
| #  include <memory.h>
| # endif
| # include <string.h>
| #endif
| #ifdef HAVE_STRINGS_H
| # include <strings.h>
| #endif
| #ifdef HAVE_INTTYPES_H
| # include <inttypes.h>
| #endif
| #ifdef HAVE_STDINT_H
| # include <stdint.h>
| #endif
| #ifdef HAVE_UNISTD_H
| # include <unistd.h>
| #endif
| int
| main ()
| {
| if (sizeof ((size_t)))
| 	    return 0;
|   ;
|   return 0;
| }
configure:4728: result: yes
configure:4739: checking whether time.h and sys/time.h may both be included
configure:4759: gcc -c -fPIC -m64 -fvisibility=default  -I/Users/mschmidt34/GTFoldPython/libgmp-6.2.0 -I/Users/mschmidt34/GTFoldPython/libgomp-10.0.1  conftest.c >&5
configure:4759: $? = 0
configure:4766: result: yes
configure:4774: checking whether struct tm is in sys/time.h or time.h
configure:4794: gcc -c -fPIC -m64 -fvisibility=default  -I/Users/mschmidt34/GTFoldPython/libgmp-6.2.0 -I/Users/mschmidt34/GTFoldPython/libgomp-10.0.1  conftest.c >&5
configure:4794: $? = 0
configure:4801: result: time.h
configure:4829: checking for Sun C compiler
configure:4845: gcc -c -fPIC -m64 -fvisibility=default  -I/Users/mschmidt34/GTFoldPython/libgmp-6.2.0 -I/Users/mschmidt34/GTFoldPython/libgomp-10.0.1 -Wall  conftest.c >&5
conftest.c:31:30: fatal error: 'error: this is not a Sun C compiler.' file not found
                    #include "error: this is not a Sun C compiler."
                             ^~~~~~~~~~~~~~~~~~~~~~~~~~~~~~~~~~~~~~
1 error generated.
configure:4845: $? = 1
configure: failed program was:
| /* confdefs.h */
| #define PACKAGE_NAME "gtfold"
| #define PACKAGE_TARNAME "gtfold"
| #define PACKAGE_VERSION "2.0"
| #define PACKAGE_STRING "gtfold 2.0"
| #define PACKAGE_BUGREPORT ""
| #define PACKAGE_URL ""
| #define PACKAGE "gtfold"
| #define VERSION "2.0"
| #define HAVE_LOG2 /**/
| #define STDC_HEADERS 1
| #define HAVE_SYS_TYPES_H 1
| #define HAVE_SYS_STAT_H 1
| #define HAVE_STDLIB_H 1
| #define HAVE_STRING_H 1
| #define HAVE_MEMORY_H 1
| #define HAVE_STRINGS_H 1
| #define HAVE_INTTYPES_H 1
| #define HAVE_STDINT_H 1
| #define HAVE_UNISTD_H 1
| #define HAVE_STDLIB_H 1
| #define HAVE_STRING_H 1
| #define HAVE_SYS_TIME_H 1
| #define TIME_WITH_SYS_TIME 1
| /* end confdefs.h.  */
| 
| int
| main ()
| {
| #ifndef __SUNPRO_C
|                     #include "error: this is not a Sun C compiler."
|                     #endif
| 
|   ;
|   return 0;
| }
configure:4850: result: no
configure:4937: checking for GOMP_parallel_start in -lomp
configure:4962: gcc -o conftest -fPIC -m64 -fvisibility=default  -I/Users/mschmidt34/GTFoldPython/libgmp-6.2.0 -I/Users/mschmidt34/GTFoldPython/libgomp-10.0.1 -Wall  -march=native -bind_at_load -flat_namespace -force_cpusubtype_ALL -rdynamic -Wl,-undefined,error -fPIC conftest.c -lomp   >&5
ld: library not found for -lomp
clang: error: linker command failed with exit code 1 (use -v to see invocation)
configure:4962: $? = 1
configure: failed program was:
| /* confdefs.h */
| #define PACKAGE_NAME "gtfold"
| #define PACKAGE_TARNAME "gtfold"
| #define PACKAGE_VERSION "2.0"
| #define PACKAGE_STRING "gtfold 2.0"
| #define PACKAGE_BUGREPORT ""
| #define PACKAGE_URL ""
| #define PACKAGE "gtfold"
| #define VERSION "2.0"
| #define HAVE_LOG2 /**/
| #define STDC_HEADERS 1
| #define HAVE_SYS_TYPES_H 1
| #define HAVE_SYS_STAT_H 1
| #define HAVE_STDLIB_H 1
| #define HAVE_STRING_H 1
| #define HAVE_MEMORY_H 1
| #define HAVE_STRINGS_H 1
| #define HAVE_INTTYPES_H 1
| #define HAVE_STDINT_H 1
| #define HAVE_UNISTD_H 1
| #define HAVE_STDLIB_H 1
| #define HAVE_STRING_H 1
| #define HAVE_SYS_TIME_H 1
| #define TIME_WITH_SYS_TIME 1
| /* end confdefs.h.  */
| 
| /* Override any GCC internal prototype to avoid an error.
|    Use char because int might match the return type of a GCC
|    builtin and then its argument prototype would still apply.  */
| #ifdef __cplusplus
| extern "C"
| #endif
| char GOMP_parallel_start ();
| int
| main ()
| {
| return GOMP_parallel_start ();
|   ;
|   return 0;
| }
configure:4971: result: no
configure:4977: checking for GOMP_parallel_start in -lgomp
configure:5002: gcc -o conftest -fPIC -m64 -fvisibility=default  -I/Users/mschmidt34/GTFoldPython/libgmp-6.2.0 -I/Users/mschmidt34/GTFoldPython/libgomp-10.0.1 -Wall  -march=native -bind_at_load -flat_namespace -force_cpusubtype_ALL -rdynamic -Wl,-undefined,error -fPIC conftest.c -lgomp   >&5
ld: library not found for -lgomp
clang: error: linker command failed with exit code 1 (use -v to see invocation)
configure:5002: $? = 1
configure: failed program was:
| /* confdefs.h */
| #define PACKAGE_NAME "gtfold"
| #define PACKAGE_TARNAME "gtfold"
| #define PACKAGE_VERSION "2.0"
| #define PACKAGE_STRING "gtfold 2.0"
| #define PACKAGE_BUGREPORT ""
| #define PACKAGE_URL ""
| #define PACKAGE "gtfold"
| #define VERSION "2.0"
| #define HAVE_LOG2 /**/
| #define STDC_HEADERS 1
| #define HAVE_SYS_TYPES_H 1
| #define HAVE_SYS_STAT_H 1
| #define HAVE_STDLIB_H 1
| #define HAVE_STRING_H 1
| #define HAVE_MEMORY_H 1
| #define HAVE_STRINGS_H 1
| #define HAVE_INTTYPES_H 1
| #define HAVE_STDINT_H 1
| #define HAVE_UNISTD_H 1
| #define HAVE_STDLIB_H 1
| #define HAVE_STRING_H 1
| #define HAVE_SYS_TIME_H 1
| #define TIME_WITH_SYS_TIME 1
| /* end confdefs.h.  */
| 
| /* Override any GCC internal prototype to avoid an error.
|    Use char because int might match the return type of a GCC
|    builtin and then its argument prototype would still apply.  */
| #ifdef __cplusplus
| extern "C"
| #endif
| char GOMP_parallel_start ();
| int
| main ()
| {
| return GOMP_parallel_start ();
|   ;
|   return 0;
| }
configure:5011: result: no
configure:5106: checking for floor
configure:5106: gcc -o conftest -fPIC -m64 -fvisibility=default  -I/Users/mschmidt34/GTFoldPython/libgmp-6.2.0 -I/Users/mschmidt34/GTFoldPython/libgomp-10.0.1 -Wall  -march=native -bind_at_load -flat_namespace -force_cpusubtype_ALL -rdynamic -Wl,-undefined,error -fPIC conftest.c   >&5
conftest.c:49:6: warning: incompatible redeclaration of library function 'floor' [-Wincompatible-library-redeclaration]
char floor ();
     ^
conftest.c:49:6: note: 'floor' is a builtin with type 'double (double)'
1 warning generated.
configure:5106: $? = 0
configure:5106: result: yes
configure:5106: checking for gettimeofday
configure:5106: gcc -o conftest -fPIC -m64 -fvisibility=default  -I/Users/mschmidt34/GTFoldPython/libgmp-6.2.0 -I/Users/mschmidt34/GTFoldPython/libgomp-10.0.1 -Wall  -march=native -bind_at_load -flat_namespace -force_cpusubtype_ALL -rdynamic -Wl,-undefined,error -fPIC conftest.c   >&5
configure:5106: $? = 0
configure:5106: result: yes
configure:5106: checking for pow
configure:5106: gcc -o conftest -fPIC -m64 -fvisibility=default  -I/Users/mschmidt34/GTFoldPython/libgmp-6.2.0 -I/Users/mschmidt34/GTFoldPython/libgomp-10.0.1 -Wall  -march=native -bind_at_load -flat_namespace -force_cpusubtype_ALL -rdynamic -Wl,-undefined,error -fPIC conftest.c   >&5
conftest.c:51:6: warning: incompatible redeclaration of library function 'pow' [-Wincompatible-library-redeclaration]
char pow ();
     ^
conftest.c:51:6: note: 'pow' is a builtin with type 'double (double, double)'
1 warning generated.
configure:5106: $? = 0
configure:5106: result: yes
configure:5280: creating ./config.status

## ---------------------- ##
## Running config.status. ##
## ---------------------- ##

This file was extended by gtfold config.status 2.0, which was
generated by GNU Autoconf 2.69.  Invocation command line was

  CONFIG_FILES    = 
  CONFIG_HEADERS  = 
  CONFIG_LINKS    = 
  CONFIG_COMMANDS = 
  $ ./config.status 

on mathm1703

config.status:884: creating Makefile
config.status:884: creating src/Makefile
config.status:884: creating data/Makefile
config.status:884: creating include/Makefile
config.status:884: creating data/Turner99/Makefile
config.status:884: creating data/Turner04/Makefile
config.status:884: creating data/Andronescu/Makefile
config.status:884: creating data/UNAParams/Makefile
config.status:884: creating data/RNAParams/Makefile
config.status:884: creating gtfold_config.h
config.status:1065: gtfold_config.h is unchanged
config.status:1113: executing depfiles commands

## ---------------- ##
## Cache variables. ##
## ---------------- ##

ac_cv_build=x86_64-apple-darwin18.7.0
ac_cv_c_compiler_gnu=yes
ac_cv_c_const=yes
ac_cv_c_inline=inline
ac_cv_cxx_compiler_gnu=yes
ac_cv_env_CCC_set=
ac_cv_env_CCC_value=
ac_cv_env_CC_set=set
ac_cv_env_CC_value=gcc
ac_cv_env_CFLAGS_set=set
ac_cv_env_CFLAGS_value='-fPIC -m64 -fvisibility=default  -I/Users/mschmidt34/GTFoldPython/libgmp-6.2.0 -I/Users/mschmidt34/GTFoldPython/libgomp-10.0.1'
ac_cv_env_CPPFLAGS_set=
ac_cv_env_CPPFLAGS_value=
ac_cv_env_CPP_set=
ac_cv_env_CPP_value=
ac_cv_env_CXXFLAGS_set=set
ac_cv_env_CXXFLAGS_value='-march=native -force_cpusubtype_ALL -fPIC -I../include -m64 -fvisibility=default -Wno-error -lc++ -lc++abi'
ac_cv_env_CXX_set=set
ac_cv_env_CXX_value=g++
ac_cv_env_LDFLAGS_set=set
ac_cv_env_LDFLAGS_value='-march=native -bind_at_load -flat_namespace -force_cpusubtype_ALL -rdynamic -Wl,-undefined,error -fPIC'
ac_cv_env_LIBS_set=
ac_cv_env_LIBS_value=
ac_cv_env_build_alias_set=
ac_cv_env_build_alias_value=
ac_cv_env_host_alias_set=
ac_cv_env_host_alias_value=
ac_cv_env_target_alias_set=
ac_cv_env_target_alias_value=
ac_cv_func_floor=yes
ac_cv_func_gettimeofday=yes
ac_cv_func_pow=yes
ac_cv_header_inttypes_h=yes
ac_cv_header_memory_h=yes
ac_cv_header_stdc=yes
ac_cv_header_stdint_h=yes
ac_cv_header_stdlib_h=yes
ac_cv_header_string_h=yes
ac_cv_header_strings_h=yes
ac_cv_header_sys_stat_h=yes
ac_cv_header_sys_time_h=yes
ac_cv_header_sys_types_h=yes
ac_cv_header_time=yes
ac_cv_header_unistd_h=yes
ac_cv_host=x86_64-apple-darwin18.7.0
ac_cv_lib_gomp_GOMP_parallel_start=no
ac_cv_lib_m_log2=yes
ac_cv_lib_omp_GOMP_parallel_start=no
ac_cv_objext=o
ac_cv_path_EGREP='/usr/local/bin/ggrep -E'
ac_cv_path_GREP=/usr/local/bin/ggrep
ac_cv_path_install='/usr/local/bin/ginstall -c'
ac_cv_path_mkdir=/usr/local/bin/gmkdir
ac_cv_prog_AWK=gawk
ac_cv_prog_CPP='gcc -E'
ac_cv_prog_c_openmp=unsupported
ac_cv_prog_cc_c89=
ac_cv_prog_cc_g=yes
ac_cv_prog_cxx_g=yes
ac_cv_prog_make_make_set=yes
ac_cv_struct_tm=time.h
ac_cv_target=x86_64-apple-darwin18.7.0
ac_cv_type_size_t=yes
am_cv_CC_dependencies_compiler_type=gcc3
am_cv_CXX_dependencies_compiler_type=gcc3
gtfold_cv_check_sunpro_cc=no
gtfold_cv_enable_64bit=no

## ----------------- ##
## Output variables. ##
## ----------------- ##

ACLOCAL='${SHELL} /Users/mschmidt34/GTFoldPython/gtfold-mfe/missing --run aclocal-1.11'
AMDEPBACKSLASH='\'
AMDEP_FALSE='#'
AMDEP_TRUE=''
AMTAR='${SHELL} /Users/mschmidt34/GTFoldPython/gtfold-mfe/missing --run tar'
AUTOCONF='${SHELL} /Users/mschmidt34/GTFoldPython/gtfold-mfe/missing --run autoconf'
AUTOHEADER='${SHELL} /Users/mschmidt34/GTFoldPython/gtfold-mfe/missing --run autoheader'
AUTOMAKE='${SHELL} /Users/mschmidt34/GTFoldPython/gtfold-mfe/missing --run automake-1.11'
AWK='gawk'
CC='gcc'
CCDEPMODE='depmode=gcc3'
CFLAGS='-fPIC -m64 -fvisibility=default  -I/Users/mschmidt34/GTFoldPython/libgmp-6.2.0 -I/Users/mschmidt34/GTFoldPython/libgomp-10.0.1 -Wall'
CPP='gcc -E'
CPPFLAGS=''
CXX='g++'
CXXDEPMODE='depmode=gcc3'
CXXFLAGS='-march=native -force_cpusubtype_ALL -fPIC -I../include -m64 -fvisibility=default -Wno-error -lc++ -lc++abi -Wall'
CYGPATH_W='echo'
DEFS='-DHAVE_CONFIG_H'
DEPDIR='.deps'
ECHO_C='\c'
ECHO_N=''
ECHO_T=''
EGREP='/usr/local/bin/ggrep -E'
EXEEXT=''
GREP='/usr/local/bin/ggrep'
GTFOLD_DEBUG_FALSE=''
GTFOLD_DEBUG_TRUE='#'
INSTALL_DATA='${INSTALL} -m 644'
INSTALL_PROGRAM='${INSTALL}'
INSTALL_SCRIPT='${INSTALL}'
INSTALL_STRIP_PROGRAM='$(install_sh) -c -s'
LDFLAGS='-march=native -bind_at_load -flat_namespace -force_cpusubtype_ALL -rdynamic -Wl,-undefined,error -fPIC'
LIBOBJS=''
LIBS=' '
LTLIBOBJS=''
MAKEINFO='${SHELL} /Users/mschmidt34/GTFoldPython/gtfold-mfe/missing --run makeinfo'
MKDIR_P='/usr/local/bin/gmkdir -p'
OBJEXT='o'
OPENMP_CFLAGS=''
PACKAGE='gtfold'
PACKAGE_BUGREPORT=''
PACKAGE_NAME='gtfold'
PACKAGE_STRING='gtfold 2.0'
PACKAGE_TARNAME='gtfold'
PACKAGE_URL=''
PACKAGE_VERSION='2.0'
PATH_SEPARATOR=':'
SET_MAKE=''
SHELL='/bin/sh'
STRIP=''
VERSION='2.0'
ac_ct_CC=''
ac_ct_CXX=''
am__EXEEXT_FALSE=''
am__EXEEXT_TRUE='#'
am__fastdepCC_FALSE='#'
am__fastdepCC_TRUE=''
am__fastdepCXX_FALSE='#'
am__fastdepCXX_TRUE=''
am__include='include'
am__isrc=''
am__leading_dot='.'
am__quote=''
am__tar='${AMTAR} chof - "$$tardir"'
am__untar='${AMTAR} xf -'
bindir='${exec_prefix}/bin'
build='x86_64-apple-darwin18.7.0'
build_alias=''
build_cpu='x86_64'
build_os='darwin18.7.0'
build_vendor='apple'
datadir='${datarootdir}'
datarootdir='${prefix}/share'
docdir='${datarootdir}/doc/${PACKAGE_TARNAME}'
dvidir='${docdir}'
exec_prefix='${prefix}'
host='x86_64-apple-darwin18.7.0'
host_alias=''
host_cpu='x86_64'
host_os='darwin18.7.0'
host_vendor='apple'
htmldir='${docdir}'
includedir='${prefix}/include'
infodir='${datarootdir}/info'
install_sh='${SHELL} /Users/mschmidt34/GTFoldPython/gtfold-mfe/install-sh'
libdir='${exec_prefix}/lib'
libexecdir='${exec_prefix}/libexec'
localedir='${datarootdir}/locale'
localstatedir='${prefix}/var'
mandir='${datarootdir}/man'
mkdir_p='/usr/local/bin/gmkdir -p'
oldincludedir='/usr/include'
pdfdir='${docdir}'
prefix='/usr/local'
program_transform_name='s,x,x,'
psdir='${docdir}'
sbindir='${exec_prefix}/sbin'
sharedstatedir='${prefix}/com'
sysconfdir='${prefix}/etc'
target='x86_64-apple-darwin18.7.0'
target_alias=''
target_cpu='x86_64'
target_os='darwin18.7.0'
target_vendor='apple'

## ----------- ##
## confdefs.h. ##
## ----------- ##

/* confdefs.h */
#define PACKAGE_NAME "gtfold"
#define PACKAGE_TARNAME "gtfold"
#define PACKAGE_VERSION "2.0"
#define PACKAGE_STRING "gtfold 2.0"
#define PACKAGE_BUGREPORT ""
#define PACKAGE_URL ""
#define PACKAGE "gtfold"
#define VERSION "2.0"
#define HAVE_LOG2 /**/
#define STDC_HEADERS 1
#define HAVE_SYS_TYPES_H 1
#define HAVE_SYS_STAT_H 1
#define HAVE_STDLIB_H 1
#define HAVE_STRING_H 1
#define HAVE_MEMORY_H 1
#define HAVE_STRINGS_H 1
#define HAVE_INTTYPES_H 1
#define HAVE_STDINT_H 1
#define HAVE_UNISTD_H 1
#define HAVE_STDLIB_H 1
#define HAVE_STRING_H 1
#define HAVE_SYS_TIME_H 1
#define TIME_WITH_SYS_TIME 1
#define HAVE_FLOOR 1
#define HAVE_GETTIMEOFDAY 1
#define HAVE_POW 1

configure: exit 0
