This file contains any messages produced by compilers while
running configure, to aid debugging if configure makes a mistake.

It was created by GNU Offloading and Multi Processing Runtime Library configure 1.0, which was
generated by GNU Autoconf 2.69.  Invocation command line was

  $ ./configure --enable-static --disable-shared --disable-tls --disable-werror --disable-assembly gmp_cv_asm_underscore=yes gcc_cv_use_emutls=no

## --------- ##
## Platform. ##
## --------- ##

hostname = mathm1703
uname -m = x86_64
uname -r = 18.7.0
uname -s = Darwin
uname -v = Darwin Kernel Version 18.7.0: Sun Dec  1 18:59:03 PST 2019; root:xnu-4903.278.19~1/RELEASE_X86_64

/usr/bin/uname -p = i386
/bin/uname -X     = unknown

/bin/arch              = unknown
/usr/bin/arch -k       = unknown
/usr/convex/getsysinfo = unknown
/usr/bin/hostinfo      = Mach kernel version:
	 Darwin Kernel Version 18.7.0: Sun Dec  1 18:59:03 PST 2019; root:xnu-4903.278.19~1/RELEASE_X86_64
Kernel configured for up to 4 processors.
2 processors are physically available.
4 processors are logically available.
Processor type: x86_64h (Intel x86-64h Haswell)
Processors active: 0 1 2 3
Primary memory available: 16.00 gigabytes
Default processor set: 347 tasks, 1240 threads, 4 processors
Load average: 3.19, Mach factor: 1.33
/bin/machine           = unknown
/usr/bin/oslevel       = unknown
/bin/universe          = unknown

PATH: /usr/local/bin
PATH: /usr/bin
PATH: /bin
PATH: /usr/sbin
PATH: /sbin
PATH: /Library/TeX/texbin
PATH: /opt/salt/bin
PATH: /usr/local/sbin


## ----------- ##
## Core tests. ##
## ----------- ##

configure:2665: checking for --enable-version-specific-runtime-libs
configure:2680: result: no
configure:2688: checking for --enable-generated-files-in-srcdir
configure:2703: result: no
configure:2766: checking build system type
configure:2780: result: x86_64-apple-darwin18.7.0
configure:2800: checking host system type
configure:2813: result: x86_64-apple-darwin18.7.0
configure:2833: checking target system type
configure:2846: result: x86_64-apple-darwin18.7.0
configure:2903: checking for a BSD-compatible install
configure:2971: result: /usr/local/bin/ginstall -c
configure:2982: checking whether build environment is sane
configure:3037: result: yes
configure:3075: WARNING: 'missing' script is too old or missing
configure:3188: checking for a thread-safe mkdir -p
configure:3227: result: /usr/local/bin/gmkdir -p
configure:3234: checking for gawk
configure:3250: found /usr/local/bin/gawk
configure:3261: result: gawk
configure:3272: checking whether make sets $(MAKE)
configure:3294: result: yes
configure:3323: checking whether make supports nested variables
configure:3340: result: yes
configure:3590: checking for gcc
configure:3617: result: gcc
configure:3846: checking for C compiler version
configure:3855: gcc --version >&5
Apple clang version 11.0.0 (clang-1100.0.33.17)
Target: x86_64-apple-darwin18.7.0
Thread model: posix
InstalledDir: /Applications/Xcode.app/Contents/Developer/Toolchains/XcodeDefault.xctoolchain/usr/bin
Configured with: --prefix=/Applications/Xcode.app/Contents/Developer/usr --with-gxx-include-dir=/usr/include/c++/4.2.1
configure:3866: $? = 0
configure:3855: gcc -v >&5
Configured with: --prefix=/Applications/Xcode.app/Contents/Developer/usr --with-gxx-include-dir=/usr/include/c++/4.2.1
Apple clang version 11.0.0 (clang-1100.0.33.17)
Target: x86_64-apple-darwin18.7.0
Thread model: posix
InstalledDir: /Applications/Xcode.app/Contents/Developer/Toolchains/XcodeDefault.xctoolchain/usr/bin
configure:3866: $? = 0
configure:3855: gcc -V >&5
clang: error: unsupported option '-V -Wno-framework-include-private-from-public'
clang: error: no input files
configure:3866: $? = 1
configure:3886: checking whether the C compiler works
configure:3908: gcc -Wno-error=implicit-function-declaration -fno-short-enums -Wno-error -std=gnu99 -I. -fPIC -I./gcc-include -m64 -fvisibility=default -Wno-error  -march=native -force_cpusubtype_ALL -rdynamic -fPIC -fvisibility=default -Wno-error conftest.c  >&5
configure:3912: $? = 0
configure:3960: result: yes
configure:3963: checking for C compiler default output file name
configure:3965: result: a.out
configure:3971: checking for suffix of executables
configure:3978: gcc -o conftest -Wno-error=implicit-function-declaration -fno-short-enums -Wno-error -std=gnu99 -I. -fPIC -I./gcc-include -m64 -fvisibility=default -Wno-error  -march=native -force_cpusubtype_ALL -rdynamic -fPIC -fvisibility=default -Wno-error conftest.c  >&5
configure:3982: $? = 0
configure:4004: result: 
configure:4026: checking whether we are cross compiling
configure:4034: gcc -o conftest -Wno-error=implicit-function-declaration -fno-short-enums -Wno-error -std=gnu99 -I. -fPIC -I./gcc-include -m64 -fvisibility=default -Wno-error  -march=native -force_cpusubtype_ALL -rdynamic -fPIC -fvisibility=default -Wno-error conftest.c  >&5
configure:4038: $? = 0
configure:4045: ./conftest
configure:4049: $? = 0
configure:4064: result: no
configure:4069: checking for suffix of object files
configure:4091: gcc -c -Wno-error=implicit-function-declaration -fno-short-enums -Wno-error -std=gnu99 -I. -fPIC -I./gcc-include -m64 -fvisibility=default -Wno-error  conftest.c >&5
configure:4095: $? = 0
configure:4116: result: o
configure:4120: checking whether we are using the GNU C compiler
configure:4139: gcc -c -Wno-error=implicit-function-declaration -fno-short-enums -Wno-error -std=gnu99 -I. -fPIC -I./gcc-include -m64 -fvisibility=default -Wno-error  conftest.c >&5
configure:4139: $? = 0
configure:4148: result: yes
configure:4157: checking whether gcc accepts -g
configure:4177: gcc -c -g  conftest.c >&5
configure:4177: $? = 0
configure:4218: result: yes
configure:4235: checking for gcc option to accept ISO C89
configure:4298: gcc  -c -Wno-error=implicit-function-declaration -fno-short-enums -Wno-error -std=gnu99 -I. -fPIC -I./gcc-include -m64 -fvisibility=default -Wno-error  conftest.c >&5
configure:4298: $? = 0
configure:4311: result: none needed
configure:4336: checking whether gcc understands -c and -o together
configure:4358: gcc -c conftest.c -o conftest2.o
configure:4361: $? = 0
configure:4358: gcc -c conftest.c -o conftest2.o
configure:4361: $? = 0
configure:4373: result: yes
configure:4401: checking for style of include used by make
configure:4429: result: GNU
configure:4455: checking dependency style of gcc
configure:4566: result: gcc3
configure:4639: checking for ar
configure:4655: found /usr/bin/ar
configure:4666: result: ar
configure:4731: checking for ranlib
configure:4758: result: ranlib -c
configure:4782: checking for perl
configure:4800: found /usr/bin/perl
configure:4813: result: /usr/bin/perl
configure:4821: checking whether make sets $(MAKE)
configure:4843: result: yes
configure:4859: checking for makeinfo
configure:4886: result: makeinfo
configure:4896: checking for modern makeinfo
configure:4911: result: yes
configure:4977: checking how to print strings
configure:5004: result: printf
configure:5025: checking for a sed that does not truncate output
configure:5089: result: /usr/local/bin/gsed
configure:5107: checking for grep that handles long lines and -e
configure:5165: result: /usr/local/bin/ggrep
configure:5170: checking for egrep
configure:5232: result: /usr/local/bin/ggrep -E
configure:5237: checking for fgrep
configure:5299: result: /usr/local/bin/ggrep -F
configure:5334: checking for ld used by gcc
configure:5401: result: /Applications/Xcode.app/Contents/Developer/Toolchains/XcodeDefault.xctoolchain/usr/bin/ld
configure:5408: checking if the linker (/Applications/Xcode.app/Contents/Developer/Toolchains/XcodeDefault.xctoolchain/usr/bin/ld) is GNU ld
configure:5423: result: no
configure:5435: checking for BSD- or MS-compatible name lister (nm)
configure:5484: result: /usr/bin/nm -B
configure:5614: checking the name lister (/usr/bin/nm -B) interface
configure:5621: gcc -c -Wno-error=implicit-function-declaration -fno-short-enums -Wno-error -std=gnu99 -I. -fPIC -I./gcc-include -m64 -fvisibility=default -Wno-error  conftest.c >&5
configure:5624: /usr/bin/nm -B "conftest.o"
configure:5627: output
0000000000000000 S _some_variable
configure:5634: result: BSD nm
configure:5637: checking whether ln -s works
configure:5641: result: yes
configure:5649: checking the maximum length of command line arguments
configure:5774: result: 196608
configure:5791: checking whether the shell understands some XSI constructs
configure:5801: result: yes
configure:5805: checking whether the shell understands "+="
configure:5811: result: yes
configure:5846: checking for /Applications/Xcode.app/Contents/Developer/Toolchains/XcodeDefault.xctoolchain/usr/bin/ld option to reload object files
configure:5853: result: -r
configure:5922: checking for objdump
configure:5938: found /usr/bin/objdump
configure:5949: result: objdump
configure:5981: checking how to recognize dependent libraries
configure:6182: result: pass_all
configure:6242: checking for ar
configure:6269: result: ar
configure:6347: checking for strip
configure:6363: found /usr/bin/strip
configure:6374: result: strip
configure:6446: checking for ranlib
configure:6473: result: ranlib -c
configure:6575: checking command to parse /usr/bin/nm -B output from gcc object
configure:6693: gcc -c -Wno-error=implicit-function-declaration -fno-short-enums -Wno-error -std=gnu99 -I. -fPIC -I./gcc-include -m64 -fvisibility=default -Wno-error  conftest.c >&5
configure:6696: $? = 0
configure:6700: /usr/bin/nm -B conftest.o \| sed -n -e 's/^.*[ ]\([BCDEGRST][BCDEGRST]*\)[ ][ ]*\([_A-Za-z][_A-Za-z0-9]*\)$/\1 \2 \2/p' \> conftest.nm
configure:6703: $? = 0
cannot find nm_test_var in conftest.nm
configure:6693: gcc -c -Wno-error=implicit-function-declaration -fno-short-enums -Wno-error -std=gnu99 -I. -fPIC -I./gcc-include -m64 -fvisibility=default -Wno-error  conftest.c >&5
configure:6696: $? = 0
configure:6700: /usr/bin/nm -B conftest.o \| sed -n -e 's/^.*[ ]\([BCDEGRST][BCDEGRST]*\)[ ][ ]*_\([_A-Za-z][_A-Za-z0-9]*\)$/\1 _\2 \2/p' \> conftest.nm
configure:6703: $? = 0
configure:6757: gcc -o conftest -Wno-error=implicit-function-declaration -fno-short-enums -Wno-error -std=gnu99 -I. -fPIC -I./gcc-include -m64 -fvisibility=default -Wno-error  -march=native -force_cpusubtype_ALL -rdynamic -fPIC -fvisibility=default -Wno-error conftest.c conftstm.o >&5
configure:6760: $? = 0
configure:6798: result: ok
configure:7076: checking for dsymutil
configure:7092: found /usr/bin/dsymutil
configure:7103: result: dsymutil
configure:7168: checking for nmedit
configure:7184: found /usr/bin/nmedit
configure:7195: result: nmedit
configure:7260: checking for lipo
configure:7276: found /usr/bin/lipo
configure:7287: result: lipo
configure:7352: checking for otool
configure:7368: found /usr/bin/otool
configure:7379: result: otool
configure:7444: checking for otool64
configure:7474: result: no
configure:7519: checking for -single_module linker flag
gcc -Wno-error=implicit-function-declaration -fno-short-enums -Wno-error -std=gnu99 -I. -fPIC -I./gcc-include -m64 -fvisibility=default -Wno-error -march=native -force_cpusubtype_ALL -rdynamic -fPIC -fvisibility=default -Wno-error -o libconftest.dylib -dynamiclib -Wl,-single_module conftest.c
configure:7546: result: yes
configure:7548: checking for -exported_symbols_list linker flag
configure:7568: gcc -o conftest -Wno-error=implicit-function-declaration -fno-short-enums -Wno-error -std=gnu99 -I. -fPIC -I./gcc-include -m64 -fvisibility=default -Wno-error  -march=native -force_cpusubtype_ALL -rdynamic -fPIC -fvisibility=default -Wno-error -Wl,-exported_symbols_list,conftest.sym conftest.c  >&5
configure:7568: $? = 0
configure:7578: result: yes
configure:7580: checking for -force_load linker flag
gcc -Wno-error=implicit-function-declaration -fno-short-enums -Wno-error -std=gnu99 -I. -fPIC -I./gcc-include -m64 -fvisibility=default -Wno-error -c -o conftest.o conftest.c
ar cru libconftest.a conftest.o
gcc -Wno-error=implicit-function-declaration -fno-short-enums -Wno-error -std=gnu99 -I. -fPIC -I./gcc-include -m64 -fvisibility=default -Wno-error -march=native -force_cpusubtype_ALL -rdynamic -fPIC -fvisibility=default -Wno-error -o conftest conftest.c -Wl,-force_load,./libconftest.a
configure:7608: result: yes
configure:7650: checking how to run the C preprocessor
configure:7681: gcc -E  conftest.c
configure:7681: $? = 0
configure:7695: gcc -E  conftest.c
conftest.c:11:10: fatal error: 'ac_nonexistent.h' file not found
#include <ac_nonexistent.h>
         ^~~~~~~~~~~~~~~~~~
1 error generated.
configure:7695: $? = 1
configure: failed program was:
| /* confdefs.h */
| #define PACKAGE_NAME "GNU Offloading and Multi Processing Runtime Library"
| #define PACKAGE_TARNAME "libgomp"
| #define PACKAGE_VERSION "1.0"
| #define PACKAGE_STRING "GNU Offloading and Multi Processing Runtime Library 1.0"
| #define PACKAGE_BUGREPORT ""
| #define PACKAGE_URL "http://www.gnu.org/software/libgomp/"
| #define PACKAGE "libgomp"
| #define VERSION "1.0"
| /* end confdefs.h.  */
| #include <ac_nonexistent.h>
configure:7720: result: gcc -E
configure:7740: gcc -E  conftest.c
configure:7740: $? = 0
configure:7754: gcc -E  conftest.c
conftest.c:11:10: fatal error: 'ac_nonexistent.h' file not found
#include <ac_nonexistent.h>
         ^~~~~~~~~~~~~~~~~~
1 error generated.
configure:7754: $? = 1
configure: failed program was:
| /* confdefs.h */
| #define PACKAGE_NAME "GNU Offloading and Multi Processing Runtime Library"
| #define PACKAGE_TARNAME "libgomp"
| #define PACKAGE_VERSION "1.0"
| #define PACKAGE_STRING "GNU Offloading and Multi Processing Runtime Library 1.0"
| #define PACKAGE_BUGREPORT ""
| #define PACKAGE_URL "http://www.gnu.org/software/libgomp/"
| #define PACKAGE "libgomp"
| #define VERSION "1.0"
| /* end confdefs.h.  */
| #include <ac_nonexistent.h>
configure:7783: checking for ANSI C header files
configure:7803: gcc -c -Wno-error=implicit-function-declaration -fno-short-enums -Wno-error -std=gnu99 -I. -fPIC -I./gcc-include -m64 -fvisibility=default -Wno-error  conftest.c >&5
configure:7803: $? = 0
configure:7876: gcc -o conftest -Wno-error=implicit-function-declaration -fno-short-enums -Wno-error -std=gnu99 -I. -fPIC -I./gcc-include -m64 -fvisibility=default -Wno-error  -march=native -force_cpusubtype_ALL -rdynamic -fPIC -fvisibility=default -Wno-error conftest.c  >&5
configure:7876: $? = 0
configure:7876: ./conftest
configure:7876: $? = 0
configure:7887: result: yes
configure:7900: checking for sys/types.h
configure:7900: gcc -c -Wno-error=implicit-function-declaration -fno-short-enums -Wno-error -std=gnu99 -I. -fPIC -I./gcc-include -m64 -fvisibility=default -Wno-error  conftest.c >&5
configure:7900: $? = 0
configure:7900: result: yes
configure:7900: checking for sys/stat.h
configure:7900: gcc -c -Wno-error=implicit-function-declaration -fno-short-enums -Wno-error -std=gnu99 -I. -fPIC -I./gcc-include -m64 -fvisibility=default -Wno-error  conftest.c >&5
configure:7900: $? = 0
configure:7900: result: yes
configure:7900: checking for stdlib.h
configure:7900: gcc -c -Wno-error=implicit-function-declaration -fno-short-enums -Wno-error -std=gnu99 -I. -fPIC -I./gcc-include -m64 -fvisibility=default -Wno-error  conftest.c >&5
configure:7900: $? = 0
configure:7900: result: yes
configure:7900: checking for string.h
configure:7900: gcc -c -Wno-error=implicit-function-declaration -fno-short-enums -Wno-error -std=gnu99 -I. -fPIC -I./gcc-include -m64 -fvisibility=default -Wno-error  conftest.c >&5
configure:7900: $? = 0
configure:7900: result: yes
configure:7900: checking for memory.h
configure:7900: gcc -c -Wno-error=implicit-function-declaration -fno-short-enums -Wno-error -std=gnu99 -I. -fPIC -I./gcc-include -m64 -fvisibility=default -Wno-error  conftest.c >&5
configure:7900: $? = 0
configure:7900: result: yes
configure:7900: checking for strings.h
configure:7900: gcc -c -Wno-error=implicit-function-declaration -fno-short-enums -Wno-error -std=gnu99 -I. -fPIC -I./gcc-include -m64 -fvisibility=default -Wno-error  conftest.c >&5
configure:7900: $? = 0
configure:7900: result: yes
configure:7900: checking for inttypes.h
configure:7900: gcc -c -Wno-error=implicit-function-declaration -fno-short-enums -Wno-error -std=gnu99 -I. -fPIC -I./gcc-include -m64 -fvisibility=default -Wno-error  conftest.c >&5
configure:7900: $? = 0
configure:7900: result: yes
configure:7900: checking for stdint.h
configure:7900: gcc -c -Wno-error=implicit-function-declaration -fno-short-enums -Wno-error -std=gnu99 -I. -fPIC -I./gcc-include -m64 -fvisibility=default -Wno-error  conftest.c >&5
configure:7900: $? = 0
configure:7900: result: yes
configure:7900: checking for unistd.h
configure:7900: gcc -c -Wno-error=implicit-function-declaration -fno-short-enums -Wno-error -std=gnu99 -I. -fPIC -I./gcc-include -m64 -fvisibility=default -Wno-error  conftest.c >&5
configure:7900: $? = 0
configure:7900: result: yes
configure:7914: checking for dlfcn.h
configure:7914: gcc -c -Wno-error=implicit-function-declaration -fno-short-enums -Wno-error -std=gnu99 -I. -fPIC -I./gcc-include -m64 -fvisibility=default -Wno-error  conftest.c >&5
configure:7914: $? = 0
configure:7914: result: yes
configure:8101: checking for objdir
configure:8116: result: .libs
configure:8387: checking if gcc supports -fno-rtti -fno-exceptions
configure:8405: gcc -c -Wno-error=implicit-function-declaration -fno-short-enums -Wno-error -std=gnu99 -I. -fPIC -I./gcc-include -m64 -fvisibility=default -Wno-error  -fno-rtti -fno-exceptions conftest.c >&5
configure:8409: $? = 0
configure:8422: result: yes
configure:8442: checking for gcc option to produce PIC
configure:8728: result: -fno-common -DPIC
configure:8740: checking if gcc PIC flag -fno-common -DPIC works
configure:8758: gcc -c -Wno-error=implicit-function-declaration -fno-short-enums -Wno-error -std=gnu99 -I. -fPIC -I./gcc-include -m64 -fvisibility=default -Wno-error  -fno-common -DPIC -DPIC conftest.c >&5
configure:8762: $? = 0
configure:8775: result: yes
configure:8799: checking if gcc static flag -static works
configure:8827: result: no
configure:8842: checking if gcc supports -c -o file.o
configure:8863: gcc -c -Wno-error=implicit-function-declaration -fno-short-enums -Wno-error -std=gnu99 -I. -fPIC -I./gcc-include -m64 -fvisibility=default -Wno-error  -o out/conftest2.o conftest.c >&5
configure:8867: $? = 0
configure:8889: result: yes
configure:8897: checking if gcc supports -c -o file.o
configure:8944: result: yes
configure:8977: checking whether the gcc linker (/Applications/Xcode.app/Contents/Developer/Toolchains/XcodeDefault.xctoolchain/usr/bin/ld) supports shared libraries
configure:10048: result: yes
configure:10293: checking dynamic linker characteristics
configure:10971: result: darwin18.7.0 dyld
configure:11078: checking how to hardcode library paths into programs
configure:11103: result: immediate
configure:11643: checking whether stripping libraries is possible
configure:11657: result: yes
configure:11683: checking if libtool supports shared libraries
configure:11685: result: yes
configure:11688: checking whether to build shared libraries
configure:11709: result: no
configure:11712: checking whether to build static libraries
configure:11716: result: yes
configure:11777: checking whether to enable maintainer-specific portions of Makefiles
configure:11786: result: no
configure:11924: checking for Fortran compiler version
configure:11933: no --version >&5
./configure: line 11935: no: command not found
configure:11944: $? = 127
configure:11933: no -v >&5
./configure: line 11935: no: command not found
configure:11944: $? = 127
configure:11933: no -V >&5
./configure: line 11935: no: command not found
configure:11944: $? = 127
configure:11953: checking whether we are using the GNU Fortran compiler
configure:11966: no -c -fPIC -fvisibility=default -L.  conftest.F >&5
./configure: line 1903: no: command not found
configure:11966: $? = 127
configure: failed program was:
|       program main
| #ifndef __GNUC__
|        choke me
| #endif
| 
|       end
configure:11975: result: no
configure:11981: checking whether no accepts -g
configure:11992: no -c -g  conftest.f >&5
./configure: line 1903: no: command not found
configure:11992: $? = 127
configure: failed program was:
|       program main
| 
|       end
configure:12000: result: no
configure:14732: checking for ANSI C header files
configure:14836: result: yes
configure:14844: checking whether time.h and sys/time.h may both be included
configure:14864: gcc -c -Wno-error=implicit-function-declaration -fno-short-enums -Wno-error -std=gnu99 -I. -fPIC -I./gcc-include -m64 -fvisibility=default -Wno-error  conftest.c >&5
configure:14864: $? = 0
configure:14871: result: yes
configure:14879: checking whether string.h and strings.h may both be included
configure:14896: gcc -c -Wno-error=implicit-function-declaration -fno-short-enums -Wno-error -std=gnu99 -I. -fPIC -I./gcc-include -m64 -fvisibility=default -Wno-error  conftest.c >&5
configure:14896: $? = 0
configure:14903: result: yes
configure:14914: checking pthread.h usability
configure:14914: gcc -c -Wno-error=implicit-function-declaration -fno-short-enums -Wno-error -std=gnu99 -I. -fPIC -I./gcc-include -m64 -fvisibility=default -Wno-error  conftest.c >&5
configure:14914: $? = 0
configure:14914: result: yes
configure:14914: checking pthread.h presence
configure:14914: gcc -E  conftest.c
configure:14914: $? = 0
configure:14914: result: yes
configure:14914: checking for pthread.h
configure:14914: result: yes
configure:14914: checking for unistd.h
configure:14914: result: yes
configure:14914: checking semaphore.h usability
configure:14914: gcc -c -Wno-error=implicit-function-declaration -fno-short-enums -Wno-error -std=gnu99 -I. -fPIC -I./gcc-include -m64 -fvisibility=default -Wno-error  conftest.c >&5
configure:14914: $? = 0
configure:14914: result: yes
configure:14914: checking semaphore.h presence
configure:14914: gcc -E  conftest.c
configure:14914: $? = 0
configure:14914: result: yes
configure:14914: checking for semaphore.h
configure:14914: result: yes
configure:14914: checking sys/sysctl.h usability
configure:14914: gcc -c -Wno-error=implicit-function-declaration -fno-short-enums -Wno-error -std=gnu99 -I. -fPIC -I./gcc-include -m64 -fvisibility=default -Wno-error  conftest.c >&5
configure:14914: $? = 0
configure:14914: result: yes
configure:14914: checking sys/sysctl.h presence
configure:14914: gcc -E  conftest.c
configure:14914: $? = 0
configure:14914: result: yes
configure:14914: checking for sys/sysctl.h
configure:14914: result: yes
configure:14914: checking sys/time.h usability
configure:14914: gcc -c -Wno-error=implicit-function-declaration -fno-short-enums -Wno-error -std=gnu99 -I. -fPIC -I./gcc-include -m64 -fvisibility=default -Wno-error  conftest.c >&5
configure:14914: $? = 0
configure:14914: result: yes
configure:14914: checking sys/time.h presence
configure:14914: gcc -E  conftest.c
configure:14914: $? = 0
configure:14914: result: yes
configure:14914: checking for sys/time.h
configure:14914: result: yes
configure:14952: gcc -o conftest -Wno-error=implicit-function-declaration -fno-short-enums -Wno-error -std=gnu99 -I. -fPIC -I./gcc-include -m64 -fvisibility=default -Wno-error -pthread  -march=native -force_cpusubtype_ALL -rdynamic -fPIC -fvisibility=default -Wno-error conftest.c  >&5
configure:14952: $? = 0
configure:15021: checking for dlsym in -ldl
configure:15046: gcc -o conftest -Wno-error=implicit-function-declaration -fno-short-enums -Wno-error -std=gnu99 -I. -fPIC -I./gcc-include -m64 -fvisibility=default -Wno-error -pthread  -march=native -force_cpusubtype_ALL -rdynamic -fPIC -fvisibility=default -Wno-error conftest.c -ldl   >&5
configure:15046: $? = 0
configure:15055: result: yes
configure:15081: checking for unistd.h
configure:15081: result: yes
configure:15101: checking for secure_getenv
configure:15101: gcc -o conftest -Wno-error=implicit-function-declaration -fno-short-enums -Wno-error -std=gnu99 -I. -fPIC -I./gcc-include -m64 -fvisibility=default -Wno-error -pthread  -march=native -force_cpusubtype_ALL -rdynamic -fPIC -fvisibility=default -Wno-error conftest.c -ldl  >&5
Undefined symbols for architecture x86_64:
  "_secure_getenv", referenced from:
      _main in conftest-f803fe.o
ld: symbol(s) not found for architecture x86_64
clang: error: linker command failed with exit code 1 (use -v to see invocation)
configure:15101: $? = 1
configure: failed program was:
| /* confdefs.h */
| #define PACKAGE_NAME "GNU Offloading and Multi Processing Runtime Library"
| #define PACKAGE_TARNAME "libgomp"
| #define PACKAGE_VERSION "1.0"
| #define PACKAGE_STRING "GNU Offloading and Multi Processing Runtime Library 1.0"
| #define PACKAGE_BUGREPORT ""
| #define PACKAGE_URL "http://www.gnu.org/software/libgomp/"
| #define PACKAGE "libgomp"
| #define VERSION "1.0"
| #define STDC_HEADERS 1
| #define HAVE_SYS_TYPES_H 1
| #define HAVE_SYS_STAT_H 1
| #define HAVE_STDLIB_H 1
| #define HAVE_STRING_H 1
| #define HAVE_MEMORY_H 1
| #define HAVE_STRINGS_H 1
| #define HAVE_INTTYPES_H 1
| #define HAVE_STDINT_H 1
| #define HAVE_UNISTD_H 1
| #define HAVE_DLFCN_H 1
| #define LT_OBJDIR ".libs/"
| #define STDC_HEADERS 1
| #define TIME_WITH_SYS_TIME 1
| #define STRING_WITH_STRINGS 1
| #define HAVE_PTHREAD_H 1
| #define HAVE_UNISTD_H 1
| #define HAVE_SEMAPHORE_H 1
| #define HAVE_SYS_SYSCTL_H 1
| #define HAVE_SYS_TIME_H 1
| #define LIBGOMP_USE_PTHREADS 1
| #define HAVE_LIBDL 1
| #define PLUGIN_SUPPORT 1
| #define HAVE_UNISTD_H 1
| /* end confdefs.h.  */
| /* Define secure_getenv to an innocuous variant, in case <limits.h> declares secure_getenv.
|    For example, HP-UX 11i <limits.h> declares gettimeofday.  */
| #define secure_getenv innocuous_secure_getenv
| 
| /* System header to define __stub macros and hopefully few prototypes,
|     which can conflict with char secure_getenv (); below.
|     Prefer <limits.h> to <assert.h> if __STDC__ is defined, since
|     <limits.h> exists even on freestanding compilers.  */
| 
| #ifdef __STDC__
| # include <limits.h>
| #else
| # include <assert.h>
| #endif
| 
| #undef secure_getenv
| 
| /* Override any GCC internal prototype to avoid an error.
|    Use char because int might match the return type of a GCC
|    builtin and then its argument prototype would still apply.  */
| #ifdef __cplusplus
| extern "C"
| #endif
| char secure_getenv ();
| /* The GNU C library defines this for functions which it implements
|     to always fail with ENOSYS.  Some functions are actually named
|     something starting with __ and the normal name is an alias.  */
| #if defined __stub_secure_getenv || defined __stub___secure_getenv
| choke me
| #endif
| 
| int
| main ()
| {
| return secure_getenv ();
|   ;
|   return 0;
| }
configure:15101: result: no
configure:15101: checking for __secure_getenv
configure:15101: gcc -o conftest -Wno-error=implicit-function-declaration -fno-short-enums -Wno-error -std=gnu99 -I. -fPIC -I./gcc-include -m64 -fvisibility=default -Wno-error -pthread  -march=native -force_cpusubtype_ALL -rdynamic -fPIC -fvisibility=default -Wno-error conftest.c -ldl  >&5
Undefined symbols for architecture x86_64:
  "___secure_getenv", referenced from:
      _main in conftest-966e1e.o
ld: symbol(s) not found for architecture x86_64
clang: error: linker command failed with exit code 1 (use -v to see invocation)
configure:15101: $? = 1
configure: failed program was:
| /* confdefs.h */
| #define PACKAGE_NAME "GNU Offloading and Multi Processing Runtime Library"
| #define PACKAGE_TARNAME "libgomp"
| #define PACKAGE_VERSION "1.0"
| #define PACKAGE_STRING "GNU Offloading and Multi Processing Runtime Library 1.0"
| #define PACKAGE_BUGREPORT ""
| #define PACKAGE_URL "http://www.gnu.org/software/libgomp/"
| #define PACKAGE "libgomp"
| #define VERSION "1.0"
| #define STDC_HEADERS 1
| #define HAVE_SYS_TYPES_H 1
| #define HAVE_SYS_STAT_H 1
| #define HAVE_STDLIB_H 1
| #define HAVE_STRING_H 1
| #define HAVE_MEMORY_H 1
| #define HAVE_STRINGS_H 1
| #define HAVE_INTTYPES_H 1
| #define HAVE_STDINT_H 1
| #define HAVE_UNISTD_H 1
| #define HAVE_DLFCN_H 1
| #define LT_OBJDIR ".libs/"
| #define STDC_HEADERS 1
| #define TIME_WITH_SYS_TIME 1
| #define STRING_WITH_STRINGS 1
| #define HAVE_PTHREAD_H 1
| #define HAVE_UNISTD_H 1
| #define HAVE_SEMAPHORE_H 1
| #define HAVE_SYS_SYSCTL_H 1
| #define HAVE_SYS_TIME_H 1
| #define LIBGOMP_USE_PTHREADS 1
| #define HAVE_LIBDL 1
| #define PLUGIN_SUPPORT 1
| #define HAVE_UNISTD_H 1
| /* end confdefs.h.  */
| /* Define __secure_getenv to an innocuous variant, in case <limits.h> declares __secure_getenv.
|    For example, HP-UX 11i <limits.h> declares gettimeofday.  */
| #define __secure_getenv innocuous___secure_getenv
| 
| /* System header to define __stub macros and hopefully few prototypes,
|     which can conflict with char __secure_getenv (); below.
|     Prefer <limits.h> to <assert.h> if __STDC__ is defined, since
|     <limits.h> exists even on freestanding compilers.  */
| 
| #ifdef __STDC__
| # include <limits.h>
| #else
| # include <assert.h>
| #endif
| 
| #undef __secure_getenv
| 
| /* Override any GCC internal prototype to avoid an error.
|    Use char because int might match the return type of a GCC
|    builtin and then its argument prototype would still apply.  */
| #ifdef __cplusplus
| extern "C"
| #endif
| char __secure_getenv ();
| /* The GNU C library defines this for functions which it implements
|     to always fail with ENOSYS.  Some functions are actually named
|     something starting with __ and the normal name is an alias.  */
| #if defined __stub___secure_getenv || defined __stub_____secure_getenv
| choke me
| #endif
| 
| int
| main ()
| {
| return __secure_getenv ();
|   ;
|   return 0;
| }
configure:15101: result: no
configure:15101: checking for getuid
configure:15101: gcc -o conftest -Wno-error=implicit-function-declaration -fno-short-enums -Wno-error -std=gnu99 -I. -fPIC -I./gcc-include -m64 -fvisibility=default -Wno-error -pthread  -march=native -force_cpusubtype_ALL -rdynamic -fPIC -fvisibility=default -Wno-error conftest.c -ldl  >&5
configure:15101: $? = 0
configure:15101: result: yes
configure:15101: checking for geteuid
configure:15101: gcc -o conftest -Wno-error=implicit-function-declaration -fno-short-enums -Wno-error -std=gnu99 -I. -fPIC -I./gcc-include -m64 -fvisibility=default -Wno-error -pthread  -march=native -force_cpusubtype_ALL -rdynamic -fPIC -fvisibility=default -Wno-error conftest.c -ldl  >&5
configure:15101: $? = 0
configure:15101: result: yes
configure:15101: checking for getgid
configure:15101: gcc -o conftest -Wno-error=implicit-function-declaration -fno-short-enums -Wno-error -std=gnu99 -I. -fPIC -I./gcc-include -m64 -fvisibility=default -Wno-error -pthread  -march=native -force_cpusubtype_ALL -rdynamic -fPIC -fvisibility=default -Wno-error conftest.c -ldl  >&5
configure:15101: $? = 0
configure:15101: result: yes
configure:15101: checking for getegid
configure:15101: gcc -o conftest -Wno-error=implicit-function-declaration -fno-short-enums -Wno-error -std=gnu99 -I. -fPIC -I./gcc-include -m64 -fvisibility=default -Wno-error -pthread  -march=native -force_cpusubtype_ALL -rdynamic -fPIC -fvisibility=default -Wno-error conftest.c -ldl  >&5
configure:15101: $? = 0
configure:15101: result: yes
configure:15474: checking for clock_gettime
configure:15474: gcc -o conftest -Wno-error=implicit-function-declaration -fno-short-enums -Wno-error -std=gnu99 -I. -fPIC -I./gcc-include -m64 -fvisibility=default -Wno-error -pthread  -march=native -force_cpusubtype_ALL -rdynamic -fPIC -fvisibility=default -Wno-error conftest.c -ldl  >&5
configure:15474: $? = 0
configure:15474: result: yes
configure:15474: checking for strtoull
configure:15474: gcc -o conftest -Wno-error=implicit-function-declaration -fno-short-enums -Wno-error -std=gnu99 -I. -fPIC -I./gcc-include -m64 -fvisibility=default -Wno-error -pthread  -march=native -force_cpusubtype_ALL -rdynamic -fPIC -fvisibility=default -Wno-error conftest.c -ldl  >&5
conftest.c:69:6: warning: incompatible redeclaration of library function 'strtoull' [-Wincompatible-library-redeclaration]
char strtoull ();
     ^
conftest.c:69:6: note: 'strtoull' is a builtin with type 'unsigned long long (const char *, char **, int)'
1 warning generated.
configure:15474: $? = 0
configure:15474: result: yes
configure:15486: checking for aligned_alloc
configure:15486: gcc -o conftest -Wno-error=implicit-function-declaration -fno-short-enums -Wno-error -std=gnu99 -I. -fPIC -I./gcc-include -m64 -fvisibility=default -Wno-error -pthread  -march=native -force_cpusubtype_ALL -rdynamic -fPIC -fvisibility=default -Wno-error conftest.c -ldl  >&5
Undefined symbols for architecture x86_64:
  "_aligned_alloc", referenced from:
      _main in conftest-0a5fd1.o
ld: symbol(s) not found for architecture x86_64
clang: error: linker command failed with exit code 1 (use -v to see invocation)
configure:15486: $? = 1
configure: failed program was:
| /* confdefs.h */
| #define PACKAGE_NAME "GNU Offloading and Multi Processing Runtime Library"
| #define PACKAGE_TARNAME "libgomp"
| #define PACKAGE_VERSION "1.0"
| #define PACKAGE_STRING "GNU Offloading and Multi Processing Runtime Library 1.0"
| #define PACKAGE_BUGREPORT ""
| #define PACKAGE_URL "http://www.gnu.org/software/libgomp/"
| #define PACKAGE "libgomp"
| #define VERSION "1.0"
| #define STDC_HEADERS 1
| #define HAVE_SYS_TYPES_H 1
| #define HAVE_SYS_STAT_H 1
| #define HAVE_STDLIB_H 1
| #define HAVE_STRING_H 1
| #define HAVE_MEMORY_H 1
| #define HAVE_STRINGS_H 1
| #define HAVE_INTTYPES_H 1
| #define HAVE_STDINT_H 1
| #define HAVE_UNISTD_H 1
| #define HAVE_DLFCN_H 1
| #define LT_OBJDIR ".libs/"
| #define STDC_HEADERS 1
| #define TIME_WITH_SYS_TIME 1
| #define STRING_WITH_STRINGS 1
| #define HAVE_PTHREAD_H 1
| #define HAVE_UNISTD_H 1
| #define HAVE_SEMAPHORE_H 1
| #define HAVE_SYS_SYSCTL_H 1
| #define HAVE_SYS_TIME_H 1
| #define LIBGOMP_USE_PTHREADS 1
| #define HAVE_LIBDL 1
| #define PLUGIN_SUPPORT 1
| #define HAVE_UNISTD_H 1
| #define HAVE_GETUID 1
| #define HAVE_GETEUID 1
| #define HAVE_GETGID 1
| #define HAVE_GETEGID 1
| #define OFFLOAD_PLUGINS ""
| #define PLUGIN_NVPTX 0
| #define PLUGIN_NVPTX_DYNAMIC 0
| #define PLUGIN_HSA 0
| #define PLUGIN_GCN 0
| #define HSA_RUNTIME_LIB ""
| #define HAVE_CLOCK_GETTIME 1
| #define HAVE_STRTOULL 1
| /* end confdefs.h.  */
| /* Define aligned_alloc to an innocuous variant, in case <limits.h> declares aligned_alloc.
|    For example, HP-UX 11i <limits.h> declares gettimeofday.  */
| #define aligned_alloc innocuous_aligned_alloc
| 
| /* System header to define __stub macros and hopefully few prototypes,
|     which can conflict with char aligned_alloc (); below.
|     Prefer <limits.h> to <assert.h> if __STDC__ is defined, since
|     <limits.h> exists even on freestanding compilers.  */
| 
| #ifdef __STDC__
| # include <limits.h>
| #else
| # include <assert.h>
| #endif
| 
| #undef aligned_alloc
| 
| /* Override any GCC internal prototype to avoid an error.
|    Use char because int might match the return type of a GCC
|    builtin and then its argument prototype would still apply.  */
| #ifdef __cplusplus
| extern "C"
| #endif
| char aligned_alloc ();
| /* The GNU C library defines this for functions which it implements
|     to always fail with ENOSYS.  Some functions are actually named
|     something starting with __ and the normal name is an alias.  */
| #if defined __stub_aligned_alloc || defined __stub___aligned_alloc
| choke me
| #endif
| 
| int
| main ()
| {
| return aligned_alloc ();
|   ;
|   return 0;
| }
configure:15486: result: no
configure:15486: checking for posix_memalign
configure:15486: gcc -o conftest -Wno-error=implicit-function-declaration -fno-short-enums -Wno-error -std=gnu99 -I. -fPIC -I./gcc-include -m64 -fvisibility=default -Wno-error -pthread  -march=native -force_cpusubtype_ALL -rdynamic -fPIC -fvisibility=default -Wno-error conftest.c -ldl  >&5
configure:15486: $? = 0
configure:15486: result: yes
configure:15486: checking for memalign
configure:15486: gcc -o conftest -Wno-error=implicit-function-declaration -fno-short-enums -Wno-error -std=gnu99 -I. -fPIC -I./gcc-include -m64 -fvisibility=default -Wno-error -pthread  -march=native -force_cpusubtype_ALL -rdynamic -fPIC -fvisibility=default -Wno-error conftest.c -ldl  >&5
Undefined symbols for architecture x86_64:
  "_memalign", referenced from:
      _main in conftest-368385.o
ld: symbol(s) not found for architecture x86_64
clang: error: linker command failed with exit code 1 (use -v to see invocation)
configure:15486: $? = 1
configure: failed program was:
| /* confdefs.h */
| #define PACKAGE_NAME "GNU Offloading and Multi Processing Runtime Library"
| #define PACKAGE_TARNAME "libgomp"
| #define PACKAGE_VERSION "1.0"
| #define PACKAGE_STRING "GNU Offloading and Multi Processing Runtime Library 1.0"
| #define PACKAGE_BUGREPORT ""
| #define PACKAGE_URL "http://www.gnu.org/software/libgomp/"
| #define PACKAGE "libgomp"
| #define VERSION "1.0"
| #define STDC_HEADERS 1
| #define HAVE_SYS_TYPES_H 1
| #define HAVE_SYS_STAT_H 1
| #define HAVE_STDLIB_H 1
| #define HAVE_STRING_H 1
| #define HAVE_MEMORY_H 1
| #define HAVE_STRINGS_H 1
| #define HAVE_INTTYPES_H 1
| #define HAVE_STDINT_H 1
| #define HAVE_UNISTD_H 1
| #define HAVE_DLFCN_H 1
| #define LT_OBJDIR ".libs/"
| #define STDC_HEADERS 1
| #define TIME_WITH_SYS_TIME 1
| #define STRING_WITH_STRINGS 1
| #define HAVE_PTHREAD_H 1
| #define HAVE_UNISTD_H 1
| #define HAVE_SEMAPHORE_H 1
| #define HAVE_SYS_SYSCTL_H 1
| #define HAVE_SYS_TIME_H 1
| #define LIBGOMP_USE_PTHREADS 1
| #define HAVE_LIBDL 1
| #define PLUGIN_SUPPORT 1
| #define HAVE_UNISTD_H 1
| #define HAVE_GETUID 1
| #define HAVE_GETEUID 1
| #define HAVE_GETGID 1
| #define HAVE_GETEGID 1
| #define OFFLOAD_PLUGINS ""
| #define PLUGIN_NVPTX 0
| #define PLUGIN_NVPTX_DYNAMIC 0
| #define PLUGIN_HSA 0
| #define PLUGIN_GCN 0
| #define HSA_RUNTIME_LIB ""
| #define HAVE_CLOCK_GETTIME 1
| #define HAVE_STRTOULL 1
| #define HAVE_POSIX_MEMALIGN 1
| /* end confdefs.h.  */
| /* Define memalign to an innocuous variant, in case <limits.h> declares memalign.
|    For example, HP-UX 11i <limits.h> declares gettimeofday.  */
| #define memalign innocuous_memalign
| 
| /* System header to define __stub macros and hopefully few prototypes,
|     which can conflict with char memalign (); below.
|     Prefer <limits.h> to <assert.h> if __STDC__ is defined, since
|     <limits.h> exists even on freestanding compilers.  */
| 
| #ifdef __STDC__
| # include <limits.h>
| #else
| # include <assert.h>
| #endif
| 
| #undef memalign
| 
| /* Override any GCC internal prototype to avoid an error.
|    Use char because int might match the return type of a GCC
|    builtin and then its argument prototype would still apply.  */
| #ifdef __cplusplus
| extern "C"
| #endif
| char memalign ();
| /* The GNU C library defines this for functions which it implements
|     to always fail with ENOSYS.  Some functions are actually named
|     something starting with __ and the normal name is an alias.  */
| #if defined __stub_memalign || defined __stub___memalign
| choke me
| #endif
| 
| int
| main ()
| {
| return memalign ();
|   ;
|   return 0;
| }
configure:15486: result: no
configure:15486: checking for _aligned_malloc
configure:15486: gcc -o conftest -Wno-error=implicit-function-declaration -fno-short-enums -Wno-error -std=gnu99 -I. -fPIC -I./gcc-include -m64 -fvisibility=default -Wno-error -pthread  -march=native -force_cpusubtype_ALL -rdynamic -fPIC -fvisibility=default -Wno-error conftest.c -ldl  >&5
Undefined symbols for architecture x86_64:
  "__aligned_malloc", referenced from:
      _main in conftest-b4df71.o
ld: symbol(s) not found for architecture x86_64
clang: error: linker command failed with exit code 1 (use -v to see invocation)
configure:15486: $? = 1
configure: failed program was:
| /* confdefs.h */
| #define PACKAGE_NAME "GNU Offloading and Multi Processing Runtime Library"
| #define PACKAGE_TARNAME "libgomp"
| #define PACKAGE_VERSION "1.0"
| #define PACKAGE_STRING "GNU Offloading and Multi Processing Runtime Library 1.0"
| #define PACKAGE_BUGREPORT ""
| #define PACKAGE_URL "http://www.gnu.org/software/libgomp/"
| #define PACKAGE "libgomp"
| #define VERSION "1.0"
| #define STDC_HEADERS 1
| #define HAVE_SYS_TYPES_H 1
| #define HAVE_SYS_STAT_H 1
| #define HAVE_STDLIB_H 1
| #define HAVE_STRING_H 1
| #define HAVE_MEMORY_H 1
| #define HAVE_STRINGS_H 1
| #define HAVE_INTTYPES_H 1
| #define HAVE_STDINT_H 1
| #define HAVE_UNISTD_H 1
| #define HAVE_DLFCN_H 1
| #define LT_OBJDIR ".libs/"
| #define STDC_HEADERS 1
| #define TIME_WITH_SYS_TIME 1
| #define STRING_WITH_STRINGS 1
| #define HAVE_PTHREAD_H 1
| #define HAVE_UNISTD_H 1
| #define HAVE_SEMAPHORE_H 1
| #define HAVE_SYS_SYSCTL_H 1
| #define HAVE_SYS_TIME_H 1
| #define LIBGOMP_USE_PTHREADS 1
| #define HAVE_LIBDL 1
| #define PLUGIN_SUPPORT 1
| #define HAVE_UNISTD_H 1
| #define HAVE_GETUID 1
| #define HAVE_GETEUID 1
| #define HAVE_GETGID 1
| #define HAVE_GETEGID 1
| #define OFFLOAD_PLUGINS ""
| #define PLUGIN_NVPTX 0
| #define PLUGIN_NVPTX_DYNAMIC 0
| #define PLUGIN_HSA 0
| #define PLUGIN_GCN 0
| #define HSA_RUNTIME_LIB ""
| #define HAVE_CLOCK_GETTIME 1
| #define HAVE_STRTOULL 1
| #define HAVE_POSIX_MEMALIGN 1
| /* end confdefs.h.  */
| /* Define _aligned_malloc to an innocuous variant, in case <limits.h> declares _aligned_malloc.
|    For example, HP-UX 11i <limits.h> declares gettimeofday.  */
| #define _aligned_malloc innocuous__aligned_malloc
| 
| /* System header to define __stub macros and hopefully few prototypes,
|     which can conflict with char _aligned_malloc (); below.
|     Prefer <limits.h> to <assert.h> if __STDC__ is defined, since
|     <limits.h> exists even on freestanding compilers.  */
| 
| #ifdef __STDC__
| # include <limits.h>
| #else
| # include <assert.h>
| #endif
| 
| #undef _aligned_malloc
| 
| /* Override any GCC internal prototype to avoid an error.
|    Use char because int might match the return type of a GCC
|    builtin and then its argument prototype would still apply.  */
| #ifdef __cplusplus
| extern "C"
| #endif
| char _aligned_malloc ();
| /* The GNU C library defines this for functions which it implements
|     to always fail with ENOSYS.  Some functions are actually named
|     something starting with __ and the normal name is an alias.  */
| #if defined __stub__aligned_malloc || defined __stub____aligned_malloc
| choke me
| #endif
| 
| int
| main ()
| {
| return _aligned_malloc ();
|   ;
|   return 0;
| }
configure:15486: result: no
configure:15655: gcc -o conftest -Wno-error=implicit-function-declaration -fno-short-enums -Wno-error -std=gnu99 -I. -fPIC -I./gcc-include -m64 -fvisibility=default -Wno-error -pthread  -march=native -force_cpusubtype_ALL -rdynamic -fPIC -fvisibility=default -Wno-error conftest.c -ldl  >&5
conftest.c:54:1: error: use of undeclared identifier 'cpu_set_t'
cpu_set_t cpuset;
^
conftest.c:56:4: warning: implicit declaration of function 'pthread_getaffinity_np' is invalid in C99 [-Wimplicit-function-declaration]
   pthread_getaffinity_np (pthread_self (), sizeof (cpu_set_t), &cpuset);
   ^
conftest.c:56:53: error: use of undeclared identifier 'cpu_set_t'
   pthread_getaffinity_np (pthread_self (), sizeof (cpu_set_t), &cpuset);
                                                    ^
conftest.c:56:66: error: use of undeclared identifier 'cpuset'
   pthread_getaffinity_np (pthread_self (), sizeof (cpu_set_t), &cpuset);
                                                                 ^
conftest.c:57:8: warning: implicit declaration of function 'CPU_ISSET' is invalid in C99 [-Wimplicit-function-declaration]
   if (CPU_ISSET (0, &cpuset))
       ^
conftest.c:57:23: error: use of undeclared identifier 'cpuset'
   if (CPU_ISSET (0, &cpuset))
                      ^
conftest.c:58:6: warning: implicit declaration of function 'CPU_SET' is invalid in C99 [-Wimplicit-function-declaration]
     CPU_SET (1, &cpuset);
     ^
conftest.c:58:19: error: use of undeclared identifier 'cpuset'
     CPU_SET (1, &cpuset);
                  ^
conftest.c:60:6: warning: implicit declaration of function 'CPU_ZERO' is invalid in C99 [-Wimplicit-function-declaration]
     CPU_ZERO (&cpuset);
     ^
conftest.c:60:17: error: use of undeclared identifier 'cpuset'
     CPU_ZERO (&cpuset);
                ^
conftest.c:61:4: warning: implicit declaration of function 'pthread_setaffinity_np' is invalid in C99 [-Wimplicit-function-declaration]
   pthread_setaffinity_np (pthread_self (), sizeof (cpu_set_t), &cpuset);
   ^
conftest.c:61:53: error: use of undeclared identifier 'cpu_set_t'
   pthread_setaffinity_np (pthread_self (), sizeof (cpu_set_t), &cpuset);
                                                    ^
conftest.c:61:66: error: use of undeclared identifier 'cpuset'
   pthread_setaffinity_np (pthread_self (), sizeof (cpu_set_t), &cpuset);
                                                                 ^
conftest.c:63:4: warning: implicit declaration of function 'pthread_attr_getaffinity_np' is invalid in C99 [-Wimplicit-function-declaration]
   pthread_attr_getaffinity_np (&attr, sizeof (cpu_set_t), &cpuset);
   ^
conftest.c:63:48: error: use of undeclared identifier 'cpu_set_t'
   pthread_attr_getaffinity_np (&attr, sizeof (cpu_set_t), &cpuset);
                                               ^
conftest.c:63:61: error: use of undeclared identifier 'cpuset'
   pthread_attr_getaffinity_np (&attr, sizeof (cpu_set_t), &cpuset);
                                                            ^
conftest.c:64:4: warning: implicit declaration of function 'pthread_attr_setaffinity_np' is invalid in C99 [-Wimplicit-function-declaration]
   pthread_attr_setaffinity_np (&attr, sizeof (cpu_set_t), &cpuset);
   ^
conftest.c:64:48: error: use of undeclared identifier 'cpu_set_t'
   pthread_attr_setaffinity_np (&attr, sizeof (cpu_set_t), &cpuset);
                                               ^
conftest.c:64:61: error: use of undeclared identifier 'cpuset'
   pthread_attr_setaffinity_np (&attr, sizeof (cpu_set_t), &cpuset);
                                                            ^
7 warnings and 12 errors generated.
configure:15655: $? = 1
configure: failed program was:
| /* confdefs.h */
| #define PACKAGE_NAME "GNU Offloading and Multi Processing Runtime Library"
| #define PACKAGE_TARNAME "libgomp"
| #define PACKAGE_VERSION "1.0"
| #define PACKAGE_STRING "GNU Offloading and Multi Processing Runtime Library 1.0"
| #define PACKAGE_BUGREPORT ""
| #define PACKAGE_URL "http://www.gnu.org/software/libgomp/"
| #define PACKAGE "libgomp"
| #define VERSION "1.0"
| #define STDC_HEADERS 1
| #define HAVE_SYS_TYPES_H 1
| #define HAVE_SYS_STAT_H 1
| #define HAVE_STDLIB_H 1
| #define HAVE_STRING_H 1
| #define HAVE_MEMORY_H 1
| #define HAVE_STRINGS_H 1
| #define HAVE_INTTYPES_H 1
| #define HAVE_STDINT_H 1
| #define HAVE_UNISTD_H 1
| #define HAVE_DLFCN_H 1
| #define LT_OBJDIR ".libs/"
| #define STDC_HEADERS 1
| #define TIME_WITH_SYS_TIME 1
| #define STRING_WITH_STRINGS 1
| #define HAVE_PTHREAD_H 1
| #define HAVE_UNISTD_H 1
| #define HAVE_SEMAPHORE_H 1
| #define HAVE_SYS_SYSCTL_H 1
| #define HAVE_SYS_TIME_H 1
| #define LIBGOMP_USE_PTHREADS 1
| #define HAVE_LIBDL 1
| #define PLUGIN_SUPPORT 1
| #define HAVE_UNISTD_H 1
| #define HAVE_GETUID 1
| #define HAVE_GETEUID 1
| #define HAVE_GETGID 1
| #define HAVE_GETEGID 1
| #define OFFLOAD_PLUGINS ""
| #define PLUGIN_NVPTX 0
| #define PLUGIN_NVPTX_DYNAMIC 0
| #define PLUGIN_HSA 0
| #define PLUGIN_GCN 0
| #define HSA_RUNTIME_LIB ""
| #define HAVE_CLOCK_GETTIME 1
| #define HAVE_STRTOULL 1
| #define HAVE_POSIX_MEMALIGN 1
| #define HAVE_BROKEN_POSIX_SEMAPHORES 1
| /* end confdefs.h.  */
| #define _GNU_SOURCE
|    #include <pthread.h>
| int
| main ()
| {
| cpu_set_t cpuset;
|    pthread_attr_t attr;
|    pthread_getaffinity_np (pthread_self (), sizeof (cpu_set_t), &cpuset);
|    if (CPU_ISSET (0, &cpuset))
|      CPU_SET (1, &cpuset);
|    else
|      CPU_ZERO (&cpuset);
|    pthread_setaffinity_np (pthread_self (), sizeof (cpu_set_t), &cpuset);
|    pthread_attr_init (&attr);
|    pthread_attr_getaffinity_np (&attr, sizeof (cpu_set_t), &cpuset);
|    pthread_attr_setaffinity_np (&attr, sizeof (cpu_set_t), &cpuset);
|   ;
|   return 0;
| }
configure:15728: gcc -c -Wno-error=implicit-function-declaration -fno-short-enums -Wno-error -std=gnu99 -I. -fPIC -I./gcc-include -m64 -fvisibility=default -Wno-error -pthread  conftest.c >&5
conftest.c:57:16: error: passing 'struct utsname' to parameter of incompatible type 'struct utsname *'; take the address with &
   if (!uname (buf))
               ^~~
               &
/usr/include/sys/utsname.h:83:27: note: passing argument to parameter here
int uname(struct utsname *);
                          ^
1 error generated.
configure:15728: $? = 1
configure: failed program was:
| /* confdefs.h */
| #define PACKAGE_NAME "GNU Offloading and Multi Processing Runtime Library"
| #define PACKAGE_TARNAME "libgomp"
| #define PACKAGE_VERSION "1.0"
| #define PACKAGE_STRING "GNU Offloading and Multi Processing Runtime Library 1.0"
| #define PACKAGE_BUGREPORT ""
| #define PACKAGE_URL "http://www.gnu.org/software/libgomp/"
| #define PACKAGE "libgomp"
| #define VERSION "1.0"
| #define STDC_HEADERS 1
| #define HAVE_SYS_TYPES_H 1
| #define HAVE_SYS_STAT_H 1
| #define HAVE_STDLIB_H 1
| #define HAVE_STRING_H 1
| #define HAVE_MEMORY_H 1
| #define HAVE_STRINGS_H 1
| #define HAVE_INTTYPES_H 1
| #define HAVE_STDINT_H 1
| #define HAVE_UNISTD_H 1
| #define HAVE_DLFCN_H 1
| #define LT_OBJDIR ".libs/"
| #define STDC_HEADERS 1
| #define TIME_WITH_SYS_TIME 1
| #define STRING_WITH_STRINGS 1
| #define HAVE_PTHREAD_H 1
| #define HAVE_UNISTD_H 1
| #define HAVE_SEMAPHORE_H 1
| #define HAVE_SYS_SYSCTL_H 1
| #define HAVE_SYS_TIME_H 1
| #define LIBGOMP_USE_PTHREADS 1
| #define HAVE_LIBDL 1
| #define PLUGIN_SUPPORT 1
| #define HAVE_UNISTD_H 1
| #define HAVE_GETUID 1
| #define HAVE_GETEUID 1
| #define HAVE_GETGID 1
| #define HAVE_GETEGID 1
| #define OFFLOAD_PLUGINS ""
| #define PLUGIN_NVPTX 0
| #define PLUGIN_NVPTX_DYNAMIC 0
| #define PLUGIN_HSA 0
| #define PLUGIN_GCN 0
| #define HSA_RUNTIME_LIB ""
| #define HAVE_CLOCK_GETTIME 1
| #define HAVE_STRTOULL 1
| #define HAVE_POSIX_MEMALIGN 1
| #define HAVE_BROKEN_POSIX_SEMAPHORES 1
| /* end confdefs.h.  */
| #include <string.h>
|    #include <stdlib.h>
|    #include <sys/utsname.h>
| int
| main ()
| {
| struct utsname buf;
|    volatile size_t len = 0;
|    if (!uname (buf))
|      len = strlen (buf.nodename);
|   ;
|   return 0;
| }
configure:15751: gcc -c -Wno-error=implicit-function-declaration -fno-short-enums -Wno-error -std=gnu99 -I. -fPIC -I./gcc-include -m64 -fvisibility=default -Wno-error -pthread  conftest.c >&5
configure:15751: $? = 0
configure:15770: gcc -c -Wno-error=implicit-function-declaration -fno-short-enums -Wno-error -std=gnu99 -I. -fPIC -I./gcc-include -m64 -fvisibility=default -Wno-error -pthread  conftest.c >&5
configure:15770: $? = 0
configure:15793: checking whether the target supports thread-local storage
configure:15848: gcc -o conftest -Wno-error=implicit-function-declaration -fno-short-enums -Wno-error -std=gnu99 -I. -fPIC -I./gcc-include -m64 -fvisibility=default -Wno-error -pthread  -march=native -force_cpusubtype_ALL -rdynamic -fPIC -fvisibility=default -Wno-error conftest.c -ldl  >&5
configure:15848: $? = 0
configure:15848: ./conftest
configure:15848: $? = 0
configure:15855: gcc -o conftest -Wno-error=implicit-function-declaration -fno-short-enums -Wno-error -std=gnu99 -I. -fPIC -I./gcc-include -m64 -fvisibility=default -Wno-error -pthread  -static -march=native -force_cpusubtype_ALL -rdynamic -fPIC -fvisibility=default -Wno-error conftest.c -ldl  >&5
ld: library not found for -lcrt0.o
clang: error: linker command failed with exit code 1 (use -v to see invocation)
configure:15855: $? = 1
configure: failed program was:
| /* confdefs.h */
| #define PACKAGE_NAME "GNU Offloading and Multi Processing Runtime Library"
| #define PACKAGE_TARNAME "libgomp"
| #define PACKAGE_VERSION "1.0"
| #define PACKAGE_STRING "GNU Offloading and Multi Processing Runtime Library 1.0"
| #define PACKAGE_BUGREPORT ""
| #define PACKAGE_URL "http://www.gnu.org/software/libgomp/"
| #define PACKAGE "libgomp"
| #define VERSION "1.0"
| #define STDC_HEADERS 1
| #define HAVE_SYS_TYPES_H 1
| #define HAVE_SYS_STAT_H 1
| #define HAVE_STDLIB_H 1
| #define HAVE_STRING_H 1
| #define HAVE_MEMORY_H 1
| #define HAVE_STRINGS_H 1
| #define HAVE_INTTYPES_H 1
| #define HAVE_STDINT_H 1
| #define HAVE_UNISTD_H 1
| #define HAVE_DLFCN_H 1
| #define LT_OBJDIR ".libs/"
| #define STDC_HEADERS 1
| #define TIME_WITH_SYS_TIME 1
| #define STRING_WITH_STRINGS 1
| #define HAVE_PTHREAD_H 1
| #define HAVE_UNISTD_H 1
| #define HAVE_SEMAPHORE_H 1
| #define HAVE_SYS_SYSCTL_H 1
| #define HAVE_SYS_TIME_H 1
| #define LIBGOMP_USE_PTHREADS 1
| #define HAVE_LIBDL 1
| #define PLUGIN_SUPPORT 1
| #define HAVE_UNISTD_H 1
| #define HAVE_GETUID 1
| #define HAVE_GETEUID 1
| #define HAVE_GETGID 1
| #define HAVE_GETEGID 1
| #define OFFLOAD_PLUGINS ""
| #define PLUGIN_NVPTX 0
| #define PLUGIN_NVPTX_DYNAMIC 0
| #define PLUGIN_HSA 0
| #define PLUGIN_GCN 0
| #define HSA_RUNTIME_LIB ""
| #define HAVE_CLOCK_GETTIME 1
| #define HAVE_STRTOULL 1
| #define HAVE_POSIX_MEMALIGN 1
| #define HAVE_BROKEN_POSIX_SEMAPHORES 1
| #define HAVE_GETHOSTNAME 1
| #define HAVE_GETPID 1
| /* end confdefs.h.  */
| int main() { return 0; }
configure:15898: gcc -o conftest  -Wno-error=implicit-function-declaration -fno-short-enums -Wno-error -std=gnu99 -I. -fPIC -I./gcc-include -m64 -fvisibility=default -Wno-error -pthread  -march=native -force_cpusubtype_ALL -rdynamic -fPIC -fvisibility=default -Wno-error conftest.c -ldl  >&5
configure:15898: $? = 0
configure:15944: gcc -o conftest  -Wno-error=implicit-function-declaration -fno-short-enums -Wno-error -std=gnu99 -I. -fPIC -I./gcc-include -m64 -fvisibility=default -Wno-error -pthread  -march=native -force_cpusubtype_ALL -rdynamic -fPIC -fvisibility=default -Wno-error conftest.c -ldl  >&5
configure:15944: $? = 0
configure:15944: ./conftest
configure:15944: $? = 0
configure:15964: result: yes
configure:15974: checking whether the thread-local storage support is from emutls
configure:15995: result: no
configure:16005: checking whether the target supports hidden visibility
configure:16024: gcc -c -Wno-error=implicit-function-declaration -fno-short-enums -Wno-error -std=gnu99 -I. -fPIC -I./gcc-include -m64 -fvisibility=default -Wno-error -pthread  conftest.c >&5
configure:16024: $? = 0
configure:16032: result: yes
configure:16040: checking whether the target supports dllexport
configure:16059: gcc -c -Wno-error=implicit-function-declaration -fno-short-enums -Wno-error -std=gnu99 -I. -fPIC -I./gcc-include -m64 -fvisibility=default -Wno-error -pthread  conftest.c >&5
conftest.c:52:21: warning: unknown attribute 'dllexport' ignored [-Wunknown-attributes]
void __attribute__((dllexport)) foo(void) { }
                    ^
1 warning generated.
configure:16059: $? = 0
configure:16067: result: yes
configure:16075: checking whether the target supports symbol aliases
configure:16094: gcc -o conftest -Wno-error=implicit-function-declaration -fno-short-enums -Wno-error -std=gnu99 -I. -fPIC -I./gcc-include -m64 -fvisibility=default -Wno-error -pthread  -march=native -force_cpusubtype_ALL -rdynamic -fPIC -fvisibility=default -Wno-error conftest.c -ldl  >&5
conftest.c:55:38: error: aliases are not supported on darwin
extern void bar(void) __attribute__((alias("foo")));
                                     ^
1 error generated.
configure:16094: $? = 1
configure: failed program was:
| /* confdefs.h */
| #define PACKAGE_NAME "GNU Offloading and Multi Processing Runtime Library"
| #define PACKAGE_TARNAME "libgomp"
| #define PACKAGE_VERSION "1.0"
| #define PACKAGE_STRING "GNU Offloading and Multi Processing Runtime Library 1.0"
| #define PACKAGE_BUGREPORT ""
| #define PACKAGE_URL "http://www.gnu.org/software/libgomp/"
| #define PACKAGE "libgomp"
| #define VERSION "1.0"
| #define STDC_HEADERS 1
| #define HAVE_SYS_TYPES_H 1
| #define HAVE_SYS_STAT_H 1
| #define HAVE_STDLIB_H 1
| #define HAVE_STRING_H 1
| #define HAVE_MEMORY_H 1
| #define HAVE_STRINGS_H 1
| #define HAVE_INTTYPES_H 1
| #define HAVE_STDINT_H 1
| #define HAVE_UNISTD_H 1
| #define HAVE_DLFCN_H 1
| #define LT_OBJDIR ".libs/"
| #define STDC_HEADERS 1
| #define TIME_WITH_SYS_TIME 1
| #define STRING_WITH_STRINGS 1
| #define HAVE_PTHREAD_H 1
| #define HAVE_UNISTD_H 1
| #define HAVE_SEMAPHORE_H 1
| #define HAVE_SYS_SYSCTL_H 1
| #define HAVE_SYS_TIME_H 1
| #define LIBGOMP_USE_PTHREADS 1
| #define HAVE_LIBDL 1
| #define PLUGIN_SUPPORT 1
| #define HAVE_UNISTD_H 1
| #define HAVE_GETUID 1
| #define HAVE_GETEUID 1
| #define HAVE_GETGID 1
| #define HAVE_GETEGID 1
| #define OFFLOAD_PLUGINS ""
| #define PLUGIN_NVPTX 0
| #define PLUGIN_NVPTX_DYNAMIC 0
| #define PLUGIN_HSA 0
| #define PLUGIN_GCN 0
| #define HSA_RUNTIME_LIB ""
| #define HAVE_CLOCK_GETTIME 1
| #define HAVE_STRTOULL 1
| #define HAVE_POSIX_MEMALIGN 1
| #define HAVE_BROKEN_POSIX_SEMAPHORES 1
| #define HAVE_GETHOSTNAME 1
| #define HAVE_GETPID 1
| #define HAVE_ATTRIBUTE_VISIBILITY 1
| #define HAVE_ATTRIBUTE_DLLEXPORT 1
| /* end confdefs.h.  */
| 
| void foo(void) { }
| extern void bar(void) __attribute__((alias("foo")));
| int
| main ()
| {
| bar();
|   ;
|   return 0;
| }
configure:16102: result: no
configure:16121: checking for ld used by gcc
configure:16188: result: /Applications/Xcode.app/Contents/Developer/Toolchains/XcodeDefault.xctoolchain/usr/bin/ld
configure:16195: checking if the linker (/Applications/Xcode.app/Contents/Developer/Toolchains/XcodeDefault.xctoolchain/usr/bin/ld) is GNU ld
configure:16210: result: no
configure:16488: checking whether the target supports .symver directive
configure:16505: gcc -c -Wno-error=implicit-function-declaration -fno-short-enums -Wno-error -std=gnu99 -I. -fPIC -I./gcc-include -m64 -fvisibility=default -Wno-error -pthread  conftest.c >&5
<inline asm>:1:1: error: unknown directive
.symver foo, bar@SYMVER
^
1 error generated.
configure:16505: $? = 1
configure: failed program was:
| /* confdefs.h */
| #define PACKAGE_NAME "GNU Offloading and Multi Processing Runtime Library"
| #define PACKAGE_TARNAME "libgomp"
| #define PACKAGE_VERSION "1.0"
| #define PACKAGE_STRING "GNU Offloading and Multi Processing Runtime Library 1.0"
| #define PACKAGE_BUGREPORT ""
| #define PACKAGE_URL "http://www.gnu.org/software/libgomp/"
| #define PACKAGE "libgomp"
| #define VERSION "1.0"
| #define STDC_HEADERS 1
| #define HAVE_SYS_TYPES_H 1
| #define HAVE_SYS_STAT_H 1
| #define HAVE_STDLIB_H 1
| #define HAVE_STRING_H 1
| #define HAVE_MEMORY_H 1
| #define HAVE_STRINGS_H 1
| #define HAVE_INTTYPES_H 1
| #define HAVE_STDINT_H 1
| #define HAVE_UNISTD_H 1
| #define HAVE_DLFCN_H 1
| #define LT_OBJDIR ".libs/"
| #define STDC_HEADERS 1
| #define TIME_WITH_SYS_TIME 1
| #define STRING_WITH_STRINGS 1
| #define HAVE_PTHREAD_H 1
| #define HAVE_UNISTD_H 1
| #define HAVE_SEMAPHORE_H 1
| #define HAVE_SYS_SYSCTL_H 1
| #define HAVE_SYS_TIME_H 1
| #define LIBGOMP_USE_PTHREADS 1
| #define HAVE_LIBDL 1
| #define PLUGIN_SUPPORT 1
| #define HAVE_UNISTD_H 1
| #define HAVE_GETUID 1
| #define HAVE_GETEUID 1
| #define HAVE_GETGID 1
| #define HAVE_GETEGID 1
| #define OFFLOAD_PLUGINS ""
| #define PLUGIN_NVPTX 0
| #define PLUGIN_NVPTX_DYNAMIC 0
| #define PLUGIN_HSA 0
| #define PLUGIN_GCN 0
| #define HSA_RUNTIME_LIB ""
| #define HAVE_CLOCK_GETTIME 1
| #define HAVE_STRTOULL 1
| #define HAVE_POSIX_MEMALIGN 1
| #define HAVE_BROKEN_POSIX_SEMAPHORES 1
| #define HAVE_GETHOSTNAME 1
| #define HAVE_GETPID 1
| #define HAVE_ATTRIBUTE_VISIBILITY 1
| #define HAVE_ATTRIBUTE_DLLEXPORT 1
| /* end confdefs.h.  */
| void foo (void); __asm (".symver foo, bar@SYMVER");
| int
| main ()
| {
| 
|   ;
|   return 0;
| }
configure:16512: result: no
configure:16544: versioning on shared library symbols is no
configure:16570: checking the number of available CPUs
configure:16653: result: 4
configure:16671: checking whether the target supports __sync_*_compare_and_swap
configure:16688: gcc -o conftest -Wno-error=implicit-function-declaration -fno-short-enums -Wno-error -std=gnu99 -I. -fPIC -I./gcc-include -m64 -fvisibility=default -Wno-error -pthread   -march=native -force_cpusubtype_ALL -rdynamic -fPIC -fvisibility=default -Wno-error conftest.c -ldl  >&5
configure:16688: $? = 0
configure:16696: result: yes
configure:16720: checking for CET support
configure:16784: result: no
configure:16921: gcc -o conftest -Wno-error=implicit-function-declaration -fno-short-enums -Wno-error -std=gnu99 -I. -fPIC -I./gcc-include -m64 -fvisibility=default -Wno-error -pthread -include confdefs.h -include ./config/posix/omp-lock.h  -march=native -force_cpusubtype_ALL -rdynamic -fPIC -fvisibility=default -Wno-error conftest.c -ldl  >&5
configure:16921: $? = 0
configure:16921: ./conftest
configure:16921: $? = 0
configure:16928: gcc -o conftest -Wno-error=implicit-function-declaration -fno-short-enums -Wno-error -std=gnu99 -I. -fPIC -I./gcc-include -m64 -fvisibility=default -Wno-error -pthread -include confdefs.h -include ./config/posix/omp-lock.h  -march=native -force_cpusubtype_ALL -rdynamic -fPIC -fvisibility=default -Wno-error conftest.c -ldl  >&5
configure:16928: $? = 0
configure:16928: ./conftest
configure:16928: $? = 0
configure:16933: gcc -o conftest -Wno-error=implicit-function-declaration -fno-short-enums -Wno-error -std=gnu99 -I. -fPIC -I./gcc-include -m64 -fvisibility=default -Wno-error -pthread -include confdefs.h -include ./config/posix/omp-lock.h  -march=native -force_cpusubtype_ALL -rdynamic -fPIC -fvisibility=default -Wno-error conftest.c -ldl  >&5
configure:16933: $? = 0
configure:16933: ./conftest
configure:16933: $? = 0
configure:16938: gcc -o conftest -Wno-error=implicit-function-declaration -fno-short-enums -Wno-error -std=gnu99 -I. -fPIC -I./gcc-include -m64 -fvisibility=default -Wno-error -pthread -include confdefs.h -include ./config/posix/omp-lock.h  -march=native -force_cpusubtype_ALL -rdynamic -fPIC -fvisibility=default -Wno-error conftest.c -ldl  >&5
configure:16938: $? = 0
configure:16938: ./conftest
configure:16938: $? = 0
configure:16943: gcc -o conftest -Wno-error=implicit-function-declaration -fno-short-enums -Wno-error -std=gnu99 -I. -fPIC -I./gcc-include -m64 -fvisibility=default -Wno-error -pthread -include confdefs.h -include ./config/posix/omp-lock.h  -march=native -force_cpusubtype_ALL -rdynamic -fPIC -fvisibility=default -Wno-error conftest.c -ldl  >&5
configure:16943: $? = 0
configure:16943: ./conftest
configure:16943: $? = 0
configure:16950: gcc -o conftest -Wno-error=implicit-function-declaration -fno-short-enums -Wno-error -std=gnu99 -I. -fPIC -I./gcc-include -m64 -fvisibility=default -Wno-error -pthread -include confdefs.h -include ./config/posix/omp-lock.h  -march=native -force_cpusubtype_ALL -rdynamic -fPIC -fvisibility=default -Wno-error conftest.c -ldl  >&5
configure:16950: $? = 0
configure:16950: ./conftest
configure:16950: $? = 0
configure:16955: gcc -o conftest -Wno-error=implicit-function-declaration -fno-short-enums -Wno-error -std=gnu99 -I. -fPIC -I./gcc-include -m64 -fvisibility=default -Wno-error -pthread -include confdefs.h -include ./config/posix/omp-lock.h  -march=native -force_cpusubtype_ALL -rdynamic -fPIC -fvisibility=default -Wno-error conftest.c -ldl  >&5
configure:16955: $? = 0
configure:16955: ./conftest
configure:16955: $? = 0
configure:16960: gcc -o conftest -Wno-error=implicit-function-declaration -fno-short-enums -Wno-error -std=gnu99 -I. -fPIC -I./gcc-include -m64 -fvisibility=default -Wno-error -pthread -include confdefs.h -include ./config/posix/omp-lock.h  -march=native -force_cpusubtype_ALL -rdynamic -fPIC -fvisibility=default -Wno-error conftest.c -ldl  >&5
configure:16960: $? = 0
configure:16960: ./conftest
configure:16960: $? = 0
configure:17136: checking that generated files are newer than configure
configure:17142: result: done
configure:17201: creating ./config.status

## ---------------------- ##
## Running config.status. ##
## ---------------------- ##

This file was extended by GNU Offloading and Multi Processing Runtime Library config.status 1.0, which was
generated by GNU Autoconf 2.69.  Invocation command line was

  CONFIG_FILES    = 
  CONFIG_HEADERS  = 
  CONFIG_LINKS    = 
  CONFIG_COMMANDS = 
  $ ./config.status 

on mathm1703

config.status:1253: creating omp.h
config.status:1253: creating omp_lib.h
config.status:1253: creating omp_lib.f90
config.status:1253: creating libgomp_f.h
config.status:1253: creating Makefile
config.status:1253: creating testsuite/Makefile
config.status:1253: creating libgomp.spec
config.status:1253: creating testsuite/libgomp-test-support.pt.exp
config.status:1253: creating config.h
config.status:1482: executing default-1 commands
config.status:1482: executing depfiles commands
config.status:1482: executing libtool commands
configure:19716: WARNING: unrecognized options: --disable-werror, --disable-assembly

## ---------------- ##
## Cache variables. ##
## ---------------- ##

ac_cv_build=x86_64-apple-darwin18.7.0
ac_cv_c_compiler_gnu=yes
ac_cv_env_CPPFLAGS_set=
ac_cv_env_CPPFLAGS_value=
ac_cv_env_CPP_set=
ac_cv_env_CPP_value=
ac_cv_env_FCFLAGS_set=set
ac_cv_env_FCFLAGS_value='-fPIC -fvisibility=default'
ac_cv_env_FC_set=set
ac_cv_env_FC_value='gfortran -march=native -force_cpusubtype_ALL'
ac_cv_env_LDFLAGS_set=set
ac_cv_env_LDFLAGS_value='-march=native -force_cpusubtype_ALL -rdynamic -fPIC -fvisibility=default -Wno-error'
ac_cv_env_LIBS_set=
ac_cv_env_LIBS_value=
ac_cv_env_build_alias_set=
ac_cv_env_build_alias_value=
ac_cv_env_host_alias_set=
ac_cv_env_host_alias_value=
ac_cv_env_target_alias_set=
ac_cv_env_target_alias_value=
ac_cv_fc_compiler_gnu=no
ac_cv_func___secure_getenv=no
ac_cv_func__aligned_malloc=no
ac_cv_func_aligned_alloc=no
ac_cv_func_clock_gettime=yes
ac_cv_func_getegid=yes
ac_cv_func_geteuid=yes
ac_cv_func_getgid=yes
ac_cv_func_getuid=yes
ac_cv_func_memalign=no
ac_cv_func_posix_memalign=yes
ac_cv_func_secure_getenv=no
ac_cv_func_strtoull=yes
ac_cv_header_dlfcn_h=yes
ac_cv_header_inttypes_h=yes
ac_cv_header_memory_h=yes
ac_cv_header_pthread_h=yes
ac_cv_header_semaphore_h=yes
ac_cv_header_stdc=yes
ac_cv_header_stdint_h=yes
ac_cv_header_stdlib_h=yes
ac_cv_header_string_h=yes
ac_cv_header_strings_h=yes
ac_cv_header_sys_stat_h=yes
ac_cv_header_sys_sysctl_h=yes
ac_cv_header_sys_time_h=yes
ac_cv_header_sys_types_h=yes
ac_cv_header_time=yes
ac_cv_header_unistd_h=yes
ac_cv_host=x86_64-apple-darwin18.7.0
ac_cv_lib_dl_dlsym=yes
ac_cv_objext=o
ac_cv_path_EGREP='/usr/local/bin/ggrep -E'
ac_cv_path_FGREP='/usr/local/bin/ggrep -F'
ac_cv_path_GREP=/usr/local/bin/ggrep
ac_cv_path_PERL=/usr/bin/perl
ac_cv_path_SED=/usr/local/bin/gsed
ac_cv_path_install='/usr/local/bin/ginstall -c'
ac_cv_path_mkdir=/usr/local/bin/gmkdir
ac_cv_prog_AWK=gawk
ac_cv_prog_CPP='gcc -E'
ac_cv_prog_MAKEINFO=makeinfo
ac_cv_prog_ac_ct_AR=ar
ac_cv_prog_ac_ct_CC=gcc
ac_cv_prog_ac_ct_DSYMUTIL=dsymutil
ac_cv_prog_ac_ct_LIPO=lipo
ac_cv_prog_ac_ct_NMEDIT=nmedit
ac_cv_prog_ac_ct_OBJDUMP=objdump
ac_cv_prog_ac_ct_OTOOL=otool
ac_cv_prog_ac_ct_RANLIB='ranlib -c'
ac_cv_prog_ac_ct_STRIP=strip
ac_cv_prog_cc_c89=
ac_cv_prog_cc_g=yes
ac_cv_prog_fc_g=no
ac_cv_prog_make_make_set=yes
ac_cv_target=x86_64-apple-darwin18.7.0
am_cv_CC_dependencies_compiler_type=gcc3
am_cv_make_support_nested_variables=yes
am_cv_prog_cc_c_o=yes
gcc_cv_have_tls=yes
gcc_cv_header_string=yes
gcc_cv_prog_makeinfo_modern=yes
gcc_cv_use_emutls=no
gmp_cv_asm_underscore=yes
libgomp_cv_have_as_symver_directive=no
libgomp_cv_have_attribute_alias=no
libgomp_cv_have_attribute_dllexport=yes
libgomp_cv_have_attribute_visibility=yes
libgomp_cv_have_sync_builtins=yes
lt_cv_apple_cc_single_mod=yes
lt_cv_deplibs_check_method=pass_all
lt_cv_file_magic_cmd='$MAGIC_CMD'
lt_cv_file_magic_test_file=
lt_cv_ld_exported_symbols_list=yes
lt_cv_ld_force_load=yes
lt_cv_ld_reload_flag=-r
lt_cv_nm_interface='BSD nm'
lt_cv_objdir=.libs
lt_cv_path_LD=/Applications/Xcode.app/Contents/Developer/Toolchains/XcodeDefault.xctoolchain/usr/bin/ld
lt_cv_path_NM='/usr/bin/nm -B'
lt_cv_prog_compiler_c_o=yes
lt_cv_prog_compiler_pic_works=yes
lt_cv_prog_compiler_rtti_exceptions=yes
lt_cv_prog_compiler_static_works=no
lt_cv_prog_gnu_ld=no
lt_cv_sys_global_symbol_pipe='sed -n -e '\''s/^.*[	 ]\([BCDEGRST][BCDEGRST]*\)[	 ][	 ]*_\([_A-Za-z][_A-Za-z0-9]*\)$/\1 _\2 \2/p'\'''
lt_cv_sys_global_symbol_to_c_name_address='sed -n -e '\''s/^: \([^ ]*\) $/  {\"\1\", (void *) 0},/p'\'' -e '\''s/^[BCDEGRST]* \([^ ]*\) \([^ ]*\)$/  {"\2", (void *) \&\2},/p'\'''
lt_cv_sys_global_symbol_to_c_name_address_lib_prefix='sed -n -e '\''s/^: \([^ ]*\) $/  {\"\1\", (void *) 0},/p'\'' -e '\''s/^[BCDEGRST]* \([^ ]*\) \(lib[^ ]*\)$/  {"\2", (void *) \&\2},/p'\'' -e '\''s/^[BCDEGRST]* \([^ ]*\) \([^ ]*\)$/  {"lib\2", (void *) \&\2},/p'\'''
lt_cv_sys_global_symbol_to_cdecl='sed -n -e '\''s/^T .* \(.*\)$/extern int \1();/p'\'' -e '\''s/^[BCDEGRST]* .* \(.*\)$/extern char \1;/p'\'''
lt_cv_sys_max_cmd_len=196608

## ----------------- ##
## Output variables. ##
## ----------------- ##

ACLOCAL='aclocal-1.15'
AMDEPBACKSLASH='\'
AMDEP_FALSE='#'
AMDEP_TRUE=''
AMTAR='$${TAR-tar}'
AM_BACKSLASH='\'
AM_DEFAULT_V='$(AM_DEFAULT_VERBOSITY)'
AM_DEFAULT_VERBOSITY='1'
AM_V='$(V)'
AR='ar'
AUTOCONF='autoconf'
AUTOHEADER='autoheader'
AUTOMAKE='automake-1.15'
AWK='gawk'
BUILD_INFO_FALSE='#'
BUILD_INFO_TRUE=''
CC='gcc'
CCDEPMODE='depmode=gcc3'
CFLAGS='-Wno-error=implicit-function-declaration -fno-short-enums -Wno-error -std=gnu99 -I. -fPIC -I./gcc-include -m64 -fvisibility=default -Wno-error -pthread'
CPP='gcc -E'
CPPFLAGS=''
CPU_COUNT='4'
CUDA_DRIVER_INCLUDE=''
CUDA_DRIVER_LIB=''
CYGPATH_W='echo'
DEFS='-DHAVE_CONFIG_H'
DEPDIR='.deps'
DSYMUTIL='dsymutil'
DUMPBIN=''
ECHO_C='\c'
ECHO_N=''
ECHO_T=''
EGREP='/usr/local/bin/ggrep -E'
EXEEXT=''
FC='no'
FCFLAGS='-fPIC -fvisibility=default -L. -Wall -L../libgfortran '
FGREP='/usr/local/bin/ggrep -F'
GENINSRC_FALSE=''
GENINSRC_TRUE='#'
GREP='/usr/local/bin/ggrep'
HSA_RUNTIME_INCLUDE=''
HSA_RUNTIME_LIB=''
INSTALL_DATA='${INSTALL} -m 644'
INSTALL_PROGRAM='${INSTALL}'
INSTALL_SCRIPT='${INSTALL}'
INSTALL_STRIP_PROGRAM='$(install_sh) -c -s'
LD='/Applications/Xcode.app/Contents/Developer/Toolchains/XcodeDefault.xctoolchain/usr/bin/ld'
LDFLAGS='-march=native -force_cpusubtype_ALL -rdynamic -fPIC -fvisibility=default -Wno-error'
LIBGOMP_BUILD_VERSIONED_SHLIB_FALSE=''
LIBGOMP_BUILD_VERSIONED_SHLIB_GNU_FALSE=''
LIBGOMP_BUILD_VERSIONED_SHLIB_GNU_TRUE='#'
LIBGOMP_BUILD_VERSIONED_SHLIB_SUN_FALSE=''
LIBGOMP_BUILD_VERSIONED_SHLIB_SUN_TRUE='#'
LIBGOMP_BUILD_VERSIONED_SHLIB_TRUE='#'
LIBOBJS=''
LIBS='-ldl '
LIBTOOL='$(SHELL) $(top_builddir)/libtool'
LIPO='lipo'
LN_S='ln -s'
LTLIBOBJS=''
MAINT='#'
MAINTAINER_MODE_FALSE=''
MAINTAINER_MODE_TRUE='#'
MAKEINFO='makeinfo'
MKDIR_P='/usr/local/bin/gmkdir -p'
NM='/usr/bin/nm -B'
NMEDIT='nmedit'
OBJDUMP='objdump'
OBJEXT='o'
OMP_LOCK_25_ALIGN='8'
OMP_LOCK_25_KIND='8'
OMP_LOCK_25_SIZE='64'
OMP_LOCK_ALIGN='8'
OMP_LOCK_KIND='8'
OMP_LOCK_SIZE='64'
OMP_NEST_LOCK_25_ALIGN='8'
OMP_NEST_LOCK_25_KIND='8'
OMP_NEST_LOCK_25_SIZE='72'
OMP_NEST_LOCK_ALIGN='8'
OMP_NEST_LOCK_KIND='8'
OMP_NEST_LOCK_SIZE='80'
OPT_LDFLAGS=''
OTOOL64=':'
OTOOL='otool'
PACKAGE='libgomp'
PACKAGE_BUGREPORT=''
PACKAGE_NAME='GNU Offloading and Multi Processing Runtime Library'
PACKAGE_STRING='GNU Offloading and Multi Processing Runtime Library 1.0'
PACKAGE_TARNAME='libgomp'
PACKAGE_URL='http://www.gnu.org/software/libgomp/'
PACKAGE_VERSION='1.0'
PATH_SEPARATOR=':'
PERL='/usr/bin/perl'
PLUGIN_GCN='0'
PLUGIN_GCN_CPPFLAGS=''
PLUGIN_GCN_FALSE=''
PLUGIN_GCN_LDFLAGS=''
PLUGIN_GCN_LIBS=''
PLUGIN_GCN_TRUE='#'
PLUGIN_HSA='0'
PLUGIN_HSA_CPPFLAGS=''
PLUGIN_HSA_FALSE=''
PLUGIN_HSA_LDFLAGS=''
PLUGIN_HSA_LIBS=''
PLUGIN_HSA_TRUE='#'
PLUGIN_NVPTX='0'
PLUGIN_NVPTX_CPPFLAGS=''
PLUGIN_NVPTX_FALSE=''
PLUGIN_NVPTX_LDFLAGS=''
PLUGIN_NVPTX_LIBS=''
PLUGIN_NVPTX_TRUE='#'
RANLIB='ranlib -c'
SECTION_LDFLAGS=''
SED='/usr/local/bin/gsed'
SET_MAKE=''
SHELL='/bin/sh'
STRIP='strip'
USE_FORTRAN_FALSE=''
USE_FORTRAN_TRUE='#'
VERSION='1.0'
XCFLAGS=' -Wc,-pthread '
XLDFLAGS=''
ac_ct_CC='gcc'
ac_ct_DUMPBIN=''
ac_ct_FC=''
am__EXEEXT_FALSE=''
am__EXEEXT_TRUE='#'
am__fastdepCC_FALSE='#'
am__fastdepCC_TRUE=''
am__include='include'
am__isrc=''
am__leading_dot='.'
am__nodep='_no'
am__quote=''
am__tar='$${TAR-tar} chof - "$$tardir"'
am__untar='$${TAR-tar} xf -'
bindir='${exec_prefix}/bin'
build='x86_64-apple-darwin18.7.0'
build_alias=''
build_cpu='x86_64'
build_os='darwin18.7.0'
build_vendor='apple'
config_path='bsd darwin posix'
datadir='${datarootdir}'
datarootdir='${prefix}/share'
docdir='${datarootdir}/doc/${PACKAGE_TARNAME}'
dvidir='${docdir}'
enable_shared='no'
enable_static='yes'
exec_prefix='${prefix}'
get_gcc_base_ver='cat'
host='x86_64-apple-darwin18.7.0'
host_alias=''
host_cpu='x86_64'
host_os='darwin18.7.0'
host_vendor='apple'
htmldir='${docdir}'
includedir='${prefix}/include'
infodir='${datarootdir}/info'
install_sh='${SHELL} /Users/mschmidt34/GTFoldPython/libgomp-10.0.1/install-sh'
libdir='${exec_prefix}/lib'
libexecdir='${exec_prefix}/libexec'
libtool_VERSION='1:0:0'
link_gomp='-lgomp -ldl '
localedir='${datarootdir}/locale'
localstatedir='${prefix}/var'
lt_host_flags=''
mandir='${datarootdir}/man'
mkdir_p='$(MKDIR_P)'
multi_basedir='./../..'
offload_additional_lib_paths=''
offload_additional_options=''
offload_plugins=''
offload_targets=''
oldincludedir='/usr/include'
pdfdir='${docdir}'
prefix='/usr/local'
program_transform_name='s,x,x,'
psdir='${docdir}'
sbindir='${exec_prefix}/sbin'
sharedstatedir='${prefix}/com'
sysconfdir='${prefix}/etc'
target='x86_64-apple-darwin18.7.0'
target_alias=''
target_cpu='x86_64'
target_os='darwin18.7.0'
target_vendor='apple'
toolexecdir='$(libdir)/gcc-lib/$(target_alias)'
toolexeclibdir='$(libdir)/'

## ----------- ##
## confdefs.h. ##
## ----------- ##

/* confdefs.h */
#define PACKAGE_NAME "GNU Offloading and Multi Processing Runtime Library"
#define PACKAGE_TARNAME "libgomp"
#define PACKAGE_VERSION "1.0"
#define PACKAGE_STRING "GNU Offloading and Multi Processing Runtime Library 1.0"
#define PACKAGE_BUGREPORT ""
#define PACKAGE_URL "http://www.gnu.org/software/libgomp/"
#define PACKAGE "libgomp"
#define VERSION "1.0"
#define STDC_HEADERS 1
#define HAVE_SYS_TYPES_H 1
#define HAVE_SYS_STAT_H 1
#define HAVE_STDLIB_H 1
#define HAVE_STRING_H 1
#define HAVE_MEMORY_H 1
#define HAVE_STRINGS_H 1
#define HAVE_INTTYPES_H 1
#define HAVE_STDINT_H 1
#define HAVE_UNISTD_H 1
#define HAVE_DLFCN_H 1
#define LT_OBJDIR ".libs/"
#define STDC_HEADERS 1
#define TIME_WITH_SYS_TIME 1
#define STRING_WITH_STRINGS 1
#define HAVE_PTHREAD_H 1
#define HAVE_UNISTD_H 1
#define HAVE_SEMAPHORE_H 1
#define HAVE_SYS_SYSCTL_H 1
#define HAVE_SYS_TIME_H 1
#define LIBGOMP_USE_PTHREADS 1
#define HAVE_LIBDL 1
#define PLUGIN_SUPPORT 1
#define HAVE_UNISTD_H 1
#define HAVE_GETUID 1
#define HAVE_GETEUID 1
#define HAVE_GETGID 1
#define HAVE_GETEGID 1
#define OFFLOAD_PLUGINS ""
#define PLUGIN_NVPTX 0
#define PLUGIN_NVPTX_DYNAMIC 0
#define PLUGIN_HSA 0
#define PLUGIN_GCN 0
#define HSA_RUNTIME_LIB ""
#define HAVE_CLOCK_GETTIME 1
#define HAVE_STRTOULL 1
#define HAVE_POSIX_MEMALIGN 1
#define HAVE_BROKEN_POSIX_SEMAPHORES 1
#define HAVE_GETHOSTNAME 1
#define HAVE_GETPID 1
#define HAVE_ATTRIBUTE_VISIBILITY 1
#define HAVE_ATTRIBUTE_DLLEXPORT 1
#define HAVE_SYNC_BUILTINS 1

configure: exit 0
